/usr/bin/env time -v /root/vtr-verilog-to-routing/vtr_flow/scripts/blackbox_latches.pl --clk_list latch_^_re_^_clk_^_0 --input spree.parmys.blif --output 0_spree.parmys.blif
using folowing clk domain: latch_^_re_^_clk_^_0 
using input blif: spree.parmys.blif
using output blif: 0_spree.parmys.blif
Usage Statistic:
	<Clock UniqID>	#<Number of Latches impacted>
____
Vanilla Latches:
	latch_^_re_^_clk_^_0	#201
____
Black Boxed Latches:
	-None-

	Command being timed: "/root/vtr-verilog-to-routing/vtr_flow/scripts/blackbox_latches.pl --clk_list latch_^_re_^_clk_^_0 --input spree.parmys.blif --output 0_spree.parmys.blif"
	User time (seconds): 0.06
	System time (seconds): 0.00
	Percent of CPU this job got: 97%
	Elapsed (wall clock) time (h:mm:ss or m:ss): 0:00.07
	Average shared text size (kbytes): 0
	Average unshared data size (kbytes): 0
	Average stack size (kbytes): 0
	Average total size (kbytes): 0
	Maximum resident set size (kbytes): 5600
	Average resident set size (kbytes): 0
	Major (requiring I/O) page faults: 0
	Minor (reclaiming a frame) page faults: 389
	Voluntary context switches: 1
	Involuntary context switches: 1
	Swaps: 0
	File system inputs: 0
	File system outputs: 888
	Socket messages sent: 0
	Socket messages received: 0
	Signals delivered: 0
	Page size (bytes): 4096
	Exit status: 0
