#Packing pin usage report
Type: io
	Input Pin Usage:
		Max: 1.00 (0.50)
		Avg: 0.42 (0.21)
		Min: 0.00 (0.00)
		Histogram:
		[        0:      0.2) 45 ( 58.4%) |************************************************
		[      0.2:      0.4)  0 (  0.0%) |
		[      0.4:      0.6)  0 (  0.0%) |
		[      0.6:      0.8)  0 (  0.0%) |
		[      0.8:        1) 32 ( 41.6%) |**********************************
		[        1:      1.2)  0 (  0.0%) |
		[      1.2:      1.4)  0 (  0.0%) |
		[      1.4:      1.6)  0 (  0.0%) |
		[      1.6:      1.8)  0 (  0.0%) |
		[      1.8:        2)  0 (  0.0%) |
	Output Pin Usage:
		Max: 1.00 (1.00)
		Avg: 0.58 (0.58)
		Min: 0.00 (0.00)
		Histogram:
		[        0:      0.1) 32 ( 41.6%) |**********************************
		[      0.1:      0.2)  0 (  0.0%) |
		[      0.2:      0.3)  0 (  0.0%) |
		[      0.3:      0.4)  0 (  0.0%) |
		[      0.4:      0.5)  0 (  0.0%) |
		[      0.5:      0.6)  0 (  0.0%) |
		[      0.6:      0.7)  0 (  0.0%) |
		[      0.7:      0.8)  0 (  0.0%) |
		[      0.8:      0.9)  0 (  0.0%) |
		[      0.9:        1) 45 ( 58.4%) |************************************************

Type: clb
	Input Pin Usage:
		Max: 41.00 (1.00)
		Avg: 21.37 (0.52)
		Min: 0.00 (0.00)
		Histogram:
		[        0:      4.1)  3 (  2.8%) |****
		[      4.1:      8.2)  1 (  0.9%) |*
		[      8.2:       12)  4 (  3.7%) |*****
		[       12:       16) 11 ( 10.2%) |***************
		[       16:       20) 35 ( 32.4%) |************************************************
		[       20:       25) 23 ( 21.3%) |********************************
		[       25:       29) 14 ( 13.0%) |*******************
		[       29:       33)  9 (  8.3%) |************
		[       33:       37)  7 (  6.5%) |**********
		[       37:       41)  1 (  0.9%) |*
	Output Pin Usage:
		Max: 9.00 (0.90)
		Avg: 6.02 (0.60)
		Min: 1.00 (0.10)
		Histogram:
		[        0:        1)  3 (  2.8%) |***
		[        1:        2)  1 (  0.9%) |*
		[        2:        3)  0 (  0.0%) |
		[        3:        4)  3 (  2.8%) |***
		[        4:        5) 18 ( 16.7%) |******************
		[        5:        6) 49 ( 45.4%) |************************************************
		[        6:        7) 25 ( 23.1%) |************************
		[        7:        8)  7 (  6.5%) |*******
		[        8:        9)  2 (  1.9%) |**
		[        9:       10)  0 (  0.0%) |

Type: mult_36
	Input Pin Usage:
		Max: 64.00 (0.89)
		Avg: 64.00 (0.89)
		Min: 64.00 (0.89)
		Histogram:
		[        0:      7.2) 0 (  0.0%) |
		[      7.2:       14) 0 (  0.0%) |
		[       14:       22) 0 (  0.0%) |
		[       22:       29) 0 (  0.0%) |
		[       29:       36) 0 (  0.0%) |
		[       36:       43) 0 (  0.0%) |
		[       43:       50) 0 (  0.0%) |
		[       50:       58) 0 (  0.0%) |
		[       58:       65) 1 (100.0%) |**************************************************
		[       65:       72) 0 (  0.0%) |
	Output Pin Usage:
		Max: 16.00 (0.22)
		Avg: 16.00 (0.22)
		Min: 16.00 (0.22)
		Histogram:
		[        0:      7.2) 0 (  0.0%) |
		[      7.2:       14) 0 (  0.0%) |
		[       14:       22) 1 (100.0%) |**************************************************
		[       22:       29) 0 (  0.0%) |
		[       29:       36) 0 (  0.0%) |
		[       36:       43) 0 (  0.0%) |
		[       43:       50) 0 (  0.0%) |
		[       50:       58) 0 (  0.0%) |
		[       58:       65) 0 (  0.0%) |
		[       65:       72) 0 (  0.0%) |

Type: memory
	Input Pin Usage:
		Max: 87.00 (0.90)
		Avg: 67.33 (0.69)
		Min: 44.00 (0.45)
		Histogram:
		[        0:      9.7) 0 (  0.0%) |
		[      9.7:       19) 0 (  0.0%) |
		[       19:       29) 0 (  0.0%) |
		[       29:       39) 0 (  0.0%) |
		[       39:       48) 1 ( 33.3%) |**************************************************
		[       48:       58) 0 (  0.0%) |
		[       58:       68) 0 (  0.0%) |
		[       68:       78) 1 ( 33.3%) |**************************************************
		[       78:       87) 1 ( 33.3%) |**************************************************
		[       87:       97) 0 (  0.0%) |
	Output Pin Usage:
		Max: 64.00 (1.00)
		Avg: 42.67 (0.67)
		Min: 32.00 (0.50)
		Histogram:
		[        0:      6.4) 0 (  0.0%) |
		[      6.4:       13) 0 (  0.0%) |
		[       13:       19) 0 (  0.0%) |
		[       19:       26) 0 (  0.0%) |
		[       26:       32) 2 ( 66.7%) |*************************************************
		[       32:       38) 0 (  0.0%) |
		[       38:       45) 0 (  0.0%) |
		[       45:       51) 0 (  0.0%) |
		[       51:       58) 0 (  0.0%) |
		[       58:       64) 1 ( 33.3%) |*************************

