#Packing pin usage report
Type: io
	Input Pin Usage:
		Max: 1.00 (0.50)
		Avg: 0.56 (0.28)
		Min: 0.00 (0.00)
		Histogram:
		[        0:      0.2) 235 ( 43.5%) |************************************
		[      0.2:      0.4)   0 (  0.0%) |
		[      0.4:      0.6)   0 (  0.0%) |
		[      0.6:      0.8)   0 (  0.0%) |
		[      0.8:        1) 305 ( 56.5%) |***********************************************
		[        1:      1.2)   0 (  0.0%) |
		[      1.2:      1.4)   0 (  0.0%) |
		[      1.4:      1.6)   0 (  0.0%) |
		[      1.6:      1.8)   0 (  0.0%) |
		[      1.8:        2)   0 (  0.0%) |
	Output Pin Usage:
		Max: 1.00 (1.00)
		Avg: 0.44 (0.44)
		Min: 0.00 (0.00)
		Histogram:
		[        0:      0.1) 305 ( 56.5%) |***********************************************
		[      0.1:      0.2)   0 (  0.0%) |
		[      0.2:      0.3)   0 (  0.0%) |
		[      0.3:      0.4)   0 (  0.0%) |
		[      0.4:      0.5)   0 (  0.0%) |
		[      0.5:      0.6)   0 (  0.0%) |
		[      0.6:      0.7)   0 (  0.0%) |
		[      0.7:      0.8)   0 (  0.0%) |
		[      0.8:      0.9)   0 (  0.0%) |
		[      0.9:        1) 235 ( 43.5%) |************************************

Type: clb
	Input Pin Usage:
		Max: 41.00 (1.00)
		Avg: 18.50 (0.45)
		Min: 0.00 (0.00)
		Histogram:
		[        0:      4.1) 13 (  5.9%) |**************
		[      4.1:      8.2) 29 ( 13.2%) |********************************
		[      8.2:       12) 20 (  9.1%) |**********************
		[       12:       16) 29 ( 13.2%) |********************************
		[       16:       20) 44 ( 20.0%) |************************************************
		[       20:       25) 28 ( 12.7%) |*******************************
		[       25:       29) 25 ( 11.4%) |***************************
		[       29:       33) 11 (  5.0%) |************
		[       33:       37) 11 (  5.0%) |************
		[       37:       41) 10 (  4.5%) |***********
	Output Pin Usage:
		Max: 10.00 (1.00)
		Avg: 5.92 (0.59)
		Min: 1.00 (0.10)
		Histogram:
		[        0:        1) 11 (  5.0%) |******
		[        1:        2)  2 (  0.9%) |*
		[        2:        3)  2 (  0.9%) |*
		[        3:        4) 12 (  5.5%) |******
		[        4:        5) 34 ( 15.5%) |*****************
		[        5:        6) 95 ( 43.2%) |************************************************
		[        6:        7) 29 ( 13.2%) |***************
		[        7:        8) 26 ( 11.8%) |*************
		[        8:        9)  8 (  3.6%) |****
		[        9:       10)  1 (  0.5%) |*

Type: mult_36
	Input Pin Usage:
		Max: 64.00 (0.89)
		Avg: 54.50 (0.76)
		Min: 30.00 (0.42)
		Histogram:
		[        0:      7.2) 0 (  0.0%) |
		[      7.2:       14) 0 (  0.0%) |
		[       14:       22) 0 (  0.0%) |
		[       22:       29) 0 (  0.0%) |
		[       29:       36) 1 ( 16.7%) |************
		[       36:       43) 0 (  0.0%) |
		[       43:       50) 1 ( 16.7%) |************
		[       50:       58) 0 (  0.0%) |
		[       58:       65) 4 ( 66.7%) |*************************************************
		[       65:       72) 0 (  0.0%) |
	Output Pin Usage:
		Max: 32.00 (0.44)
		Avg: 26.50 (0.37)
		Min: 14.00 (0.19)
		Histogram:
		[        0:      7.2) 0 (  0.0%) |
		[      7.2:       14) 1 ( 16.7%) |****************
		[       14:       22) 1 ( 16.7%) |****************
		[       22:       29) 1 ( 16.7%) |****************
		[       29:       36) 3 ( 50.0%) |*************************************************
		[       36:       43) 0 (  0.0%) |
		[       43:       50) 0 (  0.0%) |
		[       50:       58) 0 (  0.0%) |
		[       58:       65) 0 (  0.0%) |
		[       65:       72) 0 (  0.0%) |

Type: memory
	Input Pin Usage:
		Max: 31.00 (0.32)
		Avg: 31.00 (0.32)
		Min: 31.00 (0.32)
		Histogram:
		[        0:      9.7) 0 (  0.0%) |
		[      9.7:       19) 0 (  0.0%) |
		[       19:       29) 0 (  0.0%) |
		[       29:       39) 1 (100.0%) |**************************************************
		[       39:       48) 0 (  0.0%) |
		[       48:       58) 0 (  0.0%) |
		[       58:       68) 0 (  0.0%) |
		[       68:       78) 0 (  0.0%) |
		[       78:       87) 0 (  0.0%) |
		[       87:       97) 0 (  0.0%) |
	Output Pin Usage:
		Max: 21.00 (0.33)
		Avg: 21.00 (0.33)
		Min: 21.00 (0.33)
		Histogram:
		[        0:      6.4) 0 (  0.0%) |
		[      6.4:       13) 0 (  0.0%) |
		[       13:       19) 0 (  0.0%) |
		[       19:       26) 1 (100.0%) |**************************************************
		[       26:       32) 0 (  0.0%) |
		[       32:       38) 0 (  0.0%) |
		[       38:       45) 0 (  0.0%) |
		[       45:       51) 0 (  0.0%) |
		[       51:       58) 0 (  0.0%) |
		[       58:       64) 0 (  0.0%) |

