/usr/bin/env time -v /root/vtr-verilog-to-routing/ace2/ace -b diffeq2.abc.blif -c clk -n diffeq2.raw.ace.blif -o diffeq2.act -s 1
Hierarchy reader converted 5 instances of blackboxes.
Objects in network: 1227
PIs in network: 426
POs in network: 227
Nodes in network: 286
Latches in network: 96
Max Depth: 16
Input activities will be assumed (0.500000, 0.200000, 0.200000)...
Clock detected: clk
Name Manager Entries: 1224
96/96 latches are part of cycle(s)
Stage 1: Simulating Probabilities...
Stage 2: Computing Probabilities...
Stage 3: Computing Register Output Activities...
Stage 4: Computing Switching Activities...
Hierarchy writer reintroduced 5 instances of blackboxes.
Done
Ace took 0.28 seconds (max_rss 53.9 MiB)
	Command being timed: "/root/vtr-verilog-to-routing/ace2/ace -b diffeq2.abc.blif -c clk -n diffeq2.raw.ace.blif -o diffeq2.act -s 1"
	User time (seconds): 0.26
	System time (seconds): 0.01
	Percent of CPU this job got: 99%
	Elapsed (wall clock) time (h:mm:ss or m:ss): 0:00.27
	Average shared text size (kbytes): 0
	Average unshared data size (kbytes): 0
	Average stack size (kbytes): 0
	Average total size (kbytes): 0
	Maximum resident set size (kbytes): 55232
	Average resident set size (kbytes): 0
	Major (requiring I/O) page faults: 0
	Minor (reclaiming a frame) page faults: 12667
	Voluntary context switches: 1
	Involuntary context switches: 2
	Swaps: 0
	File system inputs: 0
	File system outputs: 152
	Socket messages sent: 0
	Socket messages received: 0
	Signals delivered: 0
	Page size (bytes): 4096
	Exit status: 0
