#Packing pin usage report
Type: io
	Input Pin Usage:
		Max: 1.00 (0.50)
		Avg: 0.59 (0.30)
		Min: 0.00 (0.00)
		Histogram:
		[        0:      0.2) 66 ( 40.7%) |*********************************
		[      0.2:      0.4)  0 (  0.0%) |
		[      0.4:      0.6)  0 (  0.0%) |
		[      0.6:      0.8)  0 (  0.0%) |
		[      0.8:        1) 96 ( 59.3%) |************************************************
		[        1:      1.2)  0 (  0.0%) |
		[      1.2:      1.4)  0 (  0.0%) |
		[      1.4:      1.6)  0 (  0.0%) |
		[      1.6:      1.8)  0 (  0.0%) |
		[      1.8:        2)  0 (  0.0%) |
	Output Pin Usage:
		Max: 1.00 (1.00)
		Avg: 0.41 (0.41)
		Min: 0.00 (0.00)
		Histogram:
		[        0:      0.1) 96 ( 59.3%) |************************************************
		[      0.1:      0.2)  0 (  0.0%) |
		[      0.2:      0.3)  0 (  0.0%) |
		[      0.3:      0.4)  0 (  0.0%) |
		[      0.4:      0.5)  0 (  0.0%) |
		[      0.5:      0.6)  0 (  0.0%) |
		[      0.6:      0.7)  0 (  0.0%) |
		[      0.7:      0.8)  0 (  0.0%) |
		[      0.8:      0.9)  0 (  0.0%) |
		[      0.9:        1) 66 ( 40.7%) |*********************************

Type: clb
	Input Pin Usage:
		Max: 35.00 (0.85)
		Avg: 22.17 (0.54)
		Min: 0.00 (0.00)
		Histogram:
		[        0:      4.1)  3 (  7.5%) |********
		[      4.1:      8.2)  0 (  0.0%) |
		[      8.2:       12)  0 (  0.0%) |
		[       12:       16)  1 (  2.5%) |***
		[       16:       20)  5 ( 12.5%) |**************
		[       20:       25) 17 ( 42.5%) |************************************************
		[       25:       29)  8 ( 20.0%) |***********************
		[       29:       33)  4 ( 10.0%) |***********
		[       33:       37)  2 (  5.0%) |******
		[       37:       41)  0 (  0.0%) |
	Output Pin Usage:
		Max: 8.00 (0.80)
		Avg: 5.93 (0.59)
		Min: 1.00 (0.10)
		Histogram:
		[        0:        1)  3 (  7.5%) |*********
		[        1:        2)  0 (  0.0%) |
		[        2:        3)  0 (  0.0%) |
		[        3:        4)  2 (  5.0%) |******
		[        4:        5)  4 ( 10.0%) |************
		[        5:        6) 13 ( 32.5%) |***************************************
		[        6:        7) 16 ( 40.0%) |************************************************
		[        7:        8)  2 (  5.0%) |******
		[        8:        9)  0 (  0.0%) |
		[        9:       10)  0 (  0.0%) |

Type: mult_36
	Input Pin Usage:
		Max: 64.00 (0.89)
		Avg: 52.20 (0.73)
		Min: 34.00 (0.47)
		Histogram:
		[        0:      7.2) 0 (  0.0%) |
		[      7.2:       14) 0 (  0.0%) |
		[       14:       22) 0 (  0.0%) |
		[       22:       29) 0 (  0.0%) |
		[       29:       36) 2 ( 40.0%) |*********************************
		[       36:       43) 0 (  0.0%) |
		[       43:       50) 0 (  0.0%) |
		[       50:       58) 0 (  0.0%) |
		[       58:       65) 3 ( 60.0%) |*************************************************
		[       65:       72) 0 (  0.0%) |
	Output Pin Usage:
		Max: 32.00 (0.44)
		Avg: 32.00 (0.44)
		Min: 32.00 (0.44)
		Histogram:
		[        0:      7.2) 0 (  0.0%) |
		[      7.2:       14) 0 (  0.0%) |
		[       14:       22) 0 (  0.0%) |
		[       22:       29) 0 (  0.0%) |
		[       29:       36) 5 (100.0%) |*************************************************
		[       36:       43) 0 (  0.0%) |
		[       43:       50) 0 (  0.0%) |
		[       50:       58) 0 (  0.0%) |
		[       58:       65) 0 (  0.0%) |
		[       65:       72) 0 (  0.0%) |

