/usr/bin/env time -v /root/vtr-verilog-to-routing/ace2/ace -b raygentop.abc.blif -c clk -n raygentop.raw.ace.blif -o raygentop.act -s 1
Hierarchy reader converted 36 instances of blackboxes.
Objects in network: 6282
PIs in network: 1356
POs in network: 433
Nodes in network: 1838
Latches in network: 885
Max Depth: 8
Input activities will be assumed (0.500000, 0.200000, 0.200000)...
Clock detected: clk
Name Manager Entries: 6275
268/885 latches are part of cycle(s)
Stage 1: Simulating Probabilities...
Stage 2: Computing Probabilities...
Stage 3: Computing Register Output Activities...
Stage 4: Computing Switching Activities...
Hierarchy writer reintroduced 36 instances of blackboxes.
Done
Ace took 2.51 seconds (max_rss 60.5 MiB)
	Command being timed: "/root/vtr-verilog-to-routing/ace2/ace -b raygentop.abc.blif -c clk -n raygentop.raw.ace.blif -o raygentop.act -s 1"
	User time (seconds): 2.54
	System time (seconds): 0.05
	Percent of CPU this job got: 103%
	Elapsed (wall clock) time (h:mm:ss or m:ss): 0:02.51
	Average shared text size (kbytes): 0
	Average unshared data size (kbytes): 0
	Average stack size (kbytes): 0
	Average total size (kbytes): 0
	Maximum resident set size (kbytes): 61964
	Average resident set size (kbytes): 0
	Major (requiring I/O) page faults: 0
	Minor (reclaiming a frame) page faults: 14886
	Voluntary context switches: 1
	Involuntary context switches: 7
	Swaps: 0
	File system inputs: 0
	File system outputs: 848
	Socket messages sent: 0
	Socket messages received: 0
	Signals delivered: 0
	Page size (bytes): 4096
	Exit status: 0
