/usr/bin/env time -v /home/digital-2/vtr/vpr/vpr vpr_arch_run.xml diffeq1 --circuit_file diffeq1.pre-vpr.blif --power --tech_properties /home/digital-2/vtr/vtr_flow/tech/PTM_45nm/45nm.xml
VPR FPGA Placement and Routing.
Version: 9.0.0-dev+v8.0.0-11943-g8cb20aa52
Revision: v8.0.0-11943-g8cb20aa52
Compiled: 2026-06-01T15:33:18
Compiler: GNU 13.3.0 on Linux-4.18.0-553.126.1.el8_10.x86_64 x86_64
Build Info: release IPO VTR_ASSERT_LEVEL=2

University of Toronto
verilogtorouting.org
vtr-users@googlegroups.com
This is free open source code under MIT license.

VPR was run with the following command-line:
/home/digital-2/vtr/vpr/vpr vpr_arch_run.xml diffeq1 --circuit_file diffeq1.pre-vpr.blif --power --tech_properties /home/digital-2/vtr/vtr_flow/tech/PTM_45nm/45nm.xml


Architecture file: vpr_arch_run.xml
Circuit name: diffeq1

# Loading Architecture Description
# Loading Architecture Description took 0.00 seconds (max_rss 16.6 MiB, delta_rss +1.9 MiB)

Timing analysis: ON
Circuit netlist file: diffeq1.net
Circuit placement file: diffeq1.place
Circuit routing file: diffeq1.route
Circuit SDC file: diffeq1.sdc
Vpr floorplanning constraints file: not specified

Packer: ENABLED
Placer: ENABLED
Analytical Placer: DISABLED
Router: ENABLED
Analysis: ENABLED

VPR was run with the following options:

NetlistOpts.absorb_buffer_luts            : true
NetlistOpts.sweep_dangling_primary_ios    : true
NetlistOpts.sweep_dangling_nets           : true
NetlistOpts.sweep_dangling_blocks         : true
NetlistOpts.sweep_constant_primary_outputs: false
NetlistOpts.netlist_verbosity             : 1
NetlistOpts.const_gen_inference           : COMB_SEQ

PackerOpts.allow_unrelated_clustering: auto
PackerOpts.alpha_clustering: 0.750000
PackerOpts.beta_clustering: 0.900000
PackerOpts.cluster_seed_type: BLEND2
PackerOpts.connection_driven: true
PackerOpts.global_clocks: true
PackerOpts.inter_cluster_net_delay: 1.000000
PackerOpts.timing_driven: true
PackerOpts.target_external_pin_util: auto

PlacerOpts.place_freq: PLACE_ONCE
PlacerOpts.place_algorithm: CRITICALITY_TIMING_PLACE
PlacerOpts.pad_loc_type: FREE
PlacerOpts.constraints_file: No constraints file given
PlacerOpts.place_chan_width: 100
PlacerOpts.inner_loop_recompute_divider: 0
PlacerOpts.recompute_crit_iter: 1
PlacerOpts.timing_tradeoff: 0.500000
PlacerOpts.td_place_exp_first: 1.000000
PlacerOpts.td_place_exp_last: 8.000000
PlacerOpts.delay_offset: 0.000000
PlacerOpts.delay_ramp_delta_threshold: -1
PlacerOpts.delay_ramp_slope: 0.000000
PlacerOpts.tsu_rel_margin: 1.000000
PlacerOpts.tsu_abs_margin: 0.000000
PlacerOpts.post_place_timing_report_file: 
PlacerOpts.allowed_tiles_for_delay_model: 
PlacerOpts.delay_model_reducer: MIN
PlacerOpts.delay_model_type: SIMPLE
PlacerOpts.rlim_escape_fraction: 0.000000
PlacerOpts.move_stats_file: 
PlacerOpts.placement_saves_per_temperature: 0
PlacerOpts.effort_scaling: CIRCUIT
PlacerOpts.place_delta_delay_matrix_calculation_method: ASTAR_ROUTE
PlaceOpts.seed: 1
AnnealSched.type: AUTO_SCHED
AnnealSched.inner_num: 0.500000

RouterOpts.route_type: DETAILED
RouterOpts.flat_routing: false
RouterOpts.choke_points: on
RouterOpts.router_algorithm: TIMING_DRIVEN
RouterOpts.base_cost_type: DELAY_NORMALIZED_LENGTH
RouterOpts.fixed_channel_width: NO_FIXED_CHANNEL_WIDTH
RouterOpts.check_route: FULL
RouterOpts.acc_fac: 1.000000
RouterOpts.bb_factor: 3
RouterOpts.bend_cost: 0.000000
RouterOpts.first_iter_pres_fac: 0.000000
RouterOpts.initial_pres_fac: 0.500000
RouterOpts.pres_fac_mult: 1.300000
RouterOpts.max_pres_fac: 1000.000000
RouterOpts.max_router_iterations: 50
RouterOpts.min_incremental_reroute_fanout: 16
RouterOpts.do_check_rr_graph: true
RouterOpts.verify_binary_search: false
RouterOpts.min_channel_width_hint: 0
RouterOpts.read_rr_edge_metadata: false
RouterOpts.exit_after_first_routing_iteration: false
RouterOpts.astar_fac: 1.200000
RouterOpts.astar_offset: 0.000000
RouterOpts.router_profiler_astar_fac: 1.200000
RouterOpts.criticality_exp: 1.000000
RouterOpts.max_criticality: 0.990000
RouterOpts.init_wirelength_abort_threshold: 0.850000
RouterOpts.incr_reroute_delay_ripup: AUTO
RouterOpts.save_routing_per_iteration: false
RouterOpts.congested_routing_iteration_threshold_frac: 1.000000
RouterOpts.high_fanout_threshold: 64
RouterOpts.router_debug_net: -2
RouterOpts.router_debug_sink_rr: -2
RouterOpts.router_debug_iteration: -2
RouterOpts.max_convergence_count: 1
RouterOpts.reconvergence_cpd_threshold: 0.990000
RouterOpts.update_lower_bound_delays: true
RouterOpts.first_iteration_timing_report_file: 
RouterOpts.route_bb_update: DYNAMIC
RouterOpts.lookahead_type: MAP
RouterOpts.initial_timing: LOOKAHEAD
RouterOpts.router_heap: FOUR_ARY_HEAP
RouterOpts.routing_failure_predictor = SAFE
RouterOpts.routing_budgets_algorithm = DISABLE

AnalysisOpts.gen_post_synthesis_netlist: false
AnalysisOpts.timing_report_npaths: 100
AnalysisOpts.timing_report_skew: false
AnalysisOpts.echo_dot_timing_graph_node: -1
AnalysisOpts.timing_report_detail: NETLIST
AnalysisOpts.post_synth_netlist_unconn_input_handling: UNCONNECTED
AnalysisOpts.post_synth_netlist_unconn_output_handling: UNCONNECTED

# Building complex block graph
Warning 1: io[0].clock[0] unconnected pin in architecture.
# Building complex block graph took 0.01 seconds (max_rss 22.8 MiB, delta_rss +6.2 MiB)
Circuit file: diffeq1.pre-vpr.blif
# Load circuit
Found constant-zero generator 'unconn'
Found constant-one generator 'vcc'
# Load circuit took 0.00 seconds (max_rss 24.5 MiB, delta_rss +1.8 MiB)
# Clean circuit
Absorbed 0 LUT buffers
Inferred    0 additional primitive pins as constant generators since they have no combinationally connected inputs
Inferred    0 additional primitive pins as constant generators due to constant inputs
Inferred    0 additional primitive pins as constant generators since they have no combinationally connected inputs
Inferred    0 additional primitive pins as constant generators due to constant inputs
Swept input(s)      : 0
Swept output(s)     : 0 (0 dangling, 0 constant)
Swept net(s)        : 200
Swept block(s)      : 0
Constant Pins Marked: 0
# Clean circuit took 0.00 seconds (max_rss 24.5 MiB, delta_rss +0.0 MiB)
# Compress circuit
# Compress circuit took 0.00 seconds (max_rss 24.5 MiB, delta_rss +0.0 MiB)
# Verify circuit
# Verify circuit took 0.00 seconds (max_rss 24.5 MiB, delta_rss +0.0 MiB)
Circuit Statistics:
  Blocks: 950
    .input  :     162
    .latch  :     193
    .names  :     494
        0-LUT:       1
        2-LUT:      45
        3-LUT:     182
        4-LUT:      40
        5-LUT:      57
        6-LUT:     169
    .output :      96
    multiply:       5
  Nets  : 1009
    Avg Fanout:     2.8
    Max Fanout:   193.0
    Min Fanout:     1.0
  Netlist Clocks: 1
# Load Activity File
Warning 2: Net $mul~14[32] found in activity file, but it does not exist in the .blif file.
Warning 3: Net $mul~14[33] found in activity file, but it does not exist in the .blif file.
Warning 4: Net $mul~14[34] found in activity file, but it does not exist in the .blif file.
Warning 5: Net $mul~14[35] found in activity file, but it does not exist in the .blif file.
Warning 6: Net $mul~14[36] found in activity file, but it does not exist in the .blif file.
Warning 7: Net $mul~14[37] found in activity file, but it does not exist in the .blif file.
Warning 8: Net $mul~14[38] found in activity file, but it does not exist in the .blif file.
Warning 9: Net $mul~14[39] found in activity file, but it does not exist in the .blif file.
Warning 10: Net $mul~14[40] found in activity file, but it does not exist in the .blif file.
Warning 11: Net $mul~14[41] found in activity file, but it does not exist in the .blif file.
Warning 12: Net $mul~14[42] found in activity file, but it does not exist in the .blif file.
Warning 13: Net $mul~14[43] found in activity file, but it does not exist in the .blif file.
Warning 14: Net $mul~14[44] found in activity file, but it does not exist in the .blif file.
Warning 15: Net $mul~14[45] found in activity file, but it does not exist in the .blif file.
Warning 16: Net $mul~14[46] found in activity file, but it does not exist in the .blif file.
Warning 17: Net $mul~14[47] found in activity file, but it does not exist in the .blif file.
Warning 18: Net $mul~14[48] found in activity file, but it does not exist in the .blif file.
Warning 19: Net $mul~14[49] found in activity file, but it does not exist in the .blif file.
Warning 20: Net $mul~14[50] found in activity file, but it does not exist in the .blif file.
Warning 21: Net $mul~14[51] found in activity file, but it does not exist in the .blif file.
Warning 22: Net $mul~14[52] found in activity file, but it does not exist in the .blif file.
Warning 23: Net $mul~14[53] found in activity file, but it does not exist in the .blif file.
Warning 24: Net $mul~14[54] found in activity file, but it does not exist in the .blif file.
Warning 25: Net $mul~14[55] found in activity file, but it does not exist in the .blif file.
Warning 26: Net $mul~14[56] found in activity file, but it does not exist in the .blif file.
Warning 27: Net $mul~14[57] found in activity file, but it does not exist in the .blif file.
Warning 28: Net $mul~14[58] found in activity file, but it does not exist in the .blif file.
Warning 29: Net $mul~14[59] found in activity file, but it does not exist in the .blif file.
Warning 30: Net $mul~14[60] found in activity file, but it does not exist in the .blif file.
Warning 31: Net $mul~14[61] found in activity file, but it does not exist in the .blif file.
Warning 32: Net $mul~14[62] found in activity file, but it does not exist in the .blif file.
Warning 33: Net $mul~14[63] found in activity file, but it does not exist in the .blif file.
Warning 34: Net $mul~14[64] found in activity file, but it does not exist in the .blif file.
Warning 35: Net $mul~14[65] found in activity file, but it does not exist in the .blif file.
Warning 36: Net $mul~14[66] found in activity file, but it does not exist in the .blif file.
Warning 37: Net $mul~14[67] found in activity file, but it does not exist in the .blif file.
Warning 38: Net $mul~14[68] found in activity file, but it does not exist in the .blif file.
Warning 39: Net $mul~14[69] found in activity file, but it does not exist in the .blif file.
Warning 40: Net $mul~14[70] found in activity file, but it does not exist in the .blif file.
Warning 41: Net $mul~14[71] found in activity file, but it does not exist in the .blif file.
Warning 42: Net $mul~18[32] found in activity file, but it does not exist in the .blif file.
Warning 43: Net $mul~18[33] found in activity file, but it does not exist in the .blif file.
Warning 44: Net $mul~18[34] found in activity file, but it does not exist in the .blif file.
Warning 45: Net $mul~18[35] found in activity file, but it does not exist in the .blif file.
Warning 46: Net $mul~18[36] found in activity file, but it does not exist in the .blif file.
Warning 47: Net $mul~18[37] found in activity file, but it does not exist in the .blif file.
Warning 48: Net $mul~18[38] found in activity file, but it does not exist in the .blif file.
Warning 49: Net $mul~18[39] found in activity file, but it does not exist in the .blif file.
Warning 50: Net $mul~18[40] found in activity file, but it does not exist in the .blif file.
Warning 51: Net $mul~18[41] found in activity file, but it does not exist in the .blif file.
Warning 52: Net $mul~18[42] found in activity file, but it does not exist in the .blif file.
Warning 53: Net $mul~18[43] found in activity file, but it does not exist in the .blif file.
Warning 54: Net $mul~18[44] found in activity file, but it does not exist in the .blif file.
Warning 55: Net $mul~18[45] found in activity file, but it does not exist in the .blif file.
Warning 56: Net $mul~18[46] found in activity file, but it does not exist in the .blif file.
Warning 57: Net $mul~18[47] found in activity file, but it does not exist in the .blif file.
Warning 58: Net $mul~18[48] found in activity file, but it does not exist in the .blif file.
Warning 59: Net $mul~18[49] found in activity file, but it does not exist in the .blif file.
Warning 60: Net $mul~18[50] found in activity file, but it does not exist in the .blif file.
Warning 61: Net $mul~18[51] found in activity file, but it does not exist in the .blif file.
Warning 62: Net $mul~18[52] found in activity file, but it does not exist in the .blif file.
Warning 63: Net $mul~18[53] found in activity file, but it does not exist in the .blif file.
Warning 64: Net $mul~18[54] found in activity file, but it does not exist in the .blif file.
Warning 65: Net $mul~18[55] found in activity file, but it does not exist in the .blif file.
Warning 66: Net $mul~18[56] found in activity file, but it does not exist in the .blif file.
Warning 67: Net $mul~18[57] found in activity file, but it does not exist in the .blif file.
Warning 68: Net $mul~18[58] found in activity file, but it does not exist in the .blif file.
Warning 69: Net $mul~18[59] found in activity file, but it does not exist in the .blif file.
Warning 70: Net $mul~18[60] found in activity file, but it does not exist in the .blif file.
Warning 71: Net $mul~18[61] found in activity file, but it does not exist in the .blif file.
Warning 72: Net $mul~18[62] found in activity file, but it does not exist in the .blif file.
Warning 73: Net $mul~18[63] found in activity file, but it does not exist in the .blif file.
Warning 74: Net $mul~18[64] found in activity file, but it does not exist in the .blif file.
Warning 75: Net $mul~18[65] found in activity file, but it does not exist in the .blif file.
Warning 76: Net $mul~18[66] found in activity file, but it does not exist in the .blif file.
Warning 77: Net $mul~18[67] found in activity file, but it does not exist in the .blif file.
Warning 78: Net $mul~18[68] found in activity file, but it does not exist in the .blif file.
Warning 79: Net $mul~18[69] found in activity file, but it does not exist in the .blif file.
Warning 80: Net $mul~18[70] found in activity file, but it does not exist in the .blif file.
Warning 81: Net $mul~18[71] found in activity file, but it does not exist in the .blif file.
Warning 82: Net $mul~15[32] found in activity file, but it does not exist in the .blif file.
Warning 83: Net $mul~15[33] found in activity file, but it does not exist in the .blif file.
Warning 84: Net $mul~15[34] found in activity file, but it does not exist in the .blif file.
Warning 85: Net $mul~15[35] found in activity file, but it does not exist in the .blif file.
Warning 86: Net $mul~15[36] found in activity file, but it does not exist in the .blif file.
Warning 87: Net $mul~15[37] found in activity file, but it does not exist in the .blif file.
Warning 88: Net $mul~15[38] found in activity file, but it does not exist in the .blif file.
Warning 89: Net $mul~15[39] found in activity file, but it does not exist in the .blif file.
Warning 90: Net $mul~15[40] found in activity file, but it does not exist in the .blif file.
Warning 91: Net $mul~15[41] found in activity file, but it does not exist in the .blif file.
Warning 92: Net $mul~15[42] found in activity file, but it does not exist in the .blif file.
Warning 93: Net $mul~15[43] found in activity file, but it does not exist in the .blif file.
Warning 94: Net $mul~15[44] found in activity file, but it does not exist in the .blif file.
Warning 95: Net $mul~15[45] found in activity file, but it does not exist in the .blif file.
Warning 96: Net $mul~15[46] found in activity file, but it does not exist in the .blif file.
Warning 97: Net $mul~15[47] found in activity file, but it does not exist in the .blif file.
Warning 98: Net $mul~15[48] found in activity file, but it does not exist in the .blif file.
Warning 99: Net $mul~15[49] found in activity file, but it does not exist in the .blif file.
Warning 100: Net $mul~15[50] found in activity file, but it does not exist in the .blif file.
Warning 101: Net $mul~15[51] found in activity file, but it does not exist in the .blif file.
Warning 102: Net $mul~15[52] found in activity file, but it does not exist in the .blif file.
Warning 103: Net $mul~15[53] found in activity file, but it does not exist in the .blif file.
Warning 104: Net $mul~15[54] found in activity file, but it does not exist in the .blif file.
Warning 105: Net $mul~15[55] found in activity file, but it does not exist in the .blif file.
Warning 106: Net $mul~15[56] found in activity file, but it does not exist in the .blif file.
Warning 107: Net $mul~15[57] found in activity file, but it does not exist in the .blif file.
Warning 108: Net $mul~15[58] found in activity file, but it does not exist in the .blif file.
Warning 109: Net $mul~15[59] found in activity file, but it does not exist in the .blif file.
Warning 110: Net $mul~15[60] found in activity file, but it does not exist in the .blif file.
Warning 111: Net $mul~15[61] found in activity file, but it does not exist in the .blif file.
Warning 112: Net $mul~15[62] found in activity file, but it does not exist in the .blif file.
Warning 113: Net $mul~15[63] found in activity file, but it does not exist in the .blif file.
Warning 114: Net $mul~15[64] found in activity file, but it does not exist in the .blif file.
Warning 115: Net $mul~15[65] found in activity file, but it does not exist in the .blif file.
Warning 116: Net $mul~15[66] found in activity file, but it does not exist in the .blif file.
Warning 117: Net $mul~15[67] found in activity file, but it does not exist in the .blif file.
Warning 118: Net $mul~15[68] found in activity file, but it does not exist in the .blif file.
Warning 119: Net $mul~15[69] found in activity file, but it does not exist in the .blif file.
Warning 120: Net $mul~15[70] found in activity file, but it does not exist in the .blif file.
Warning 121: Net $mul~15[71] found in activity file, but it does not exist in the .blif file.
Warning 122: Net $mul~16[32] found in activity file, but it does not exist in the .blif file.
Warning 123: Net $mul~16[33] found in activity file, but it does not exist in the .blif file.
Warning 124: Net $mul~16[34] found in activity file, but it does not exist in the .blif file.
Warning 125: Net $mul~16[35] found in activity file, but it does not exist in the .blif file.
Warning 126: Net $mul~16[36] found in activity file, but it does not exist in the .blif file.
Warning 127: Net $mul~16[37] found in activity file, but it does not exist in the .blif file.
Warning 128: Net $mul~16[38] found in activity file, but it does not exist in the .blif file.
Warning 129: Net $mul~16[39] found in activity file, but it does not exist in the .blif file.
Warning 130: Net $mul~16[40] found in activity file, but it does not exist in the .blif file.
Warning 131: Net $mul~16[41] found in activity file, but it does not exist in the .blif file.
Warning 132: Net $mul~16[42] found in activity file, but it does not exist in the .blif file.
Warning 133: Net $mul~16[43] found in activity file, but it does not exist in the .blif file.
Warning 134: Net $mul~16[44] found in activity file, but it does not exist in the .blif file.
Warning 135: Net $mul~16[45] found in activity file, but it does not exist in the .blif file.
Warning 136: Net $mul~16[46] found in activity file, but it does not exist in the .blif file.
Warning 137: Net $mul~16[47] found in activity file, but it does not exist in the .blif file.
Warning 138: Net $mul~16[48] found in activity file, but it does not exist in the .blif file.
Warning 139: Net $mul~16[49] found in activity file, but it does not exist in the .blif file.
Warning 140: Net $mul~16[50] found in activity file, but it does not exist in the .blif file.
Warning 141: Net $mul~16[51] found in activity file, but it does not exist in the .blif file.
Warning 142: Net $mul~16[52] found in activity file, but it does not exist in the .blif file.
Warning 143: Net $mul~16[53] found in activity file, but it does not exist in the .blif file.
Warning 144: Net $mul~16[54] found in activity file, but it does not exist in the .blif file.
Warning 145: Net $mul~16[55] found in activity file, but it does not exist in the .blif file.
Warning 146: Net $mul~16[56] found in activity file, but it does not exist in the .blif file.
Warning 147: Net $mul~16[57] found in activity file, but it does not exist in the .blif file.
Warning 148: Net $mul~16[58] found in activity file, but it does not exist in the .blif file.
Warning 149: Net $mul~16[59] found in activity file, but it does not exist in the .blif file.
Warning 150: Net $mul~16[60] found in activity file, but it does not exist in the .blif file.
Warning 151: Net $mul~16[61] found in activity file, but it does not exist in the .blif file.
Warning 152: Net $mul~16[62] found in activity file, but it does not exist in the .blif file.
Warning 153: Net $mul~16[63] found in activity file, but it does not exist in the .blif file.
Warning 154: Net $mul~16[64] found in activity file, but it does not exist in the .blif file.
Warning 155: Net $mul~16[65] found in activity file, but it does not exist in the .blif file.
Warning 156: Net $mul~16[66] found in activity file, but it does not exist in the .blif file.
Warning 157: Net $mul~16[67] found in activity file, but it does not exist in the .blif file.
Warning 158: Net $mul~16[68] found in activity file, but it does not exist in the .blif file.
Warning 159: Net $mul~16[69] found in activity file, but it does not exist in the .blif file.
Warning 160: Net $mul~16[70] found in activity file, but it does not exist in the .blif file.
Warning 161: Net $mul~16[71] found in activity file, but it does not exist in the .blif file.
Warning 162: Net $mul~17[32] found in activity file, but it does not exist in the .blif file.
Warning 163: Net $mul~17[33] found in activity file, but it does not exist in the .blif file.
Warning 164: Net $mul~17[34] found in activity file, but it does not exist in the .blif file.
Warning 165: Net $mul~17[35] found in activity file, but it does not exist in the .blif file.
Warning 166: Net $mul~17[36] found in activity file, but it does not exist in the .blif file.
Warning 167: Net $mul~17[37] found in activity file, but it does not exist in the .blif file.
Warning 168: Net $mul~17[38] found in activity file, but it does not exist in the .blif file.
Warning 169: Net $mul~17[39] found in activity file, but it does not exist in the .blif file.
Warning 170: Net $mul~17[40] found in activity file, but it does not exist in the .blif file.
Warning 171: Net $mul~17[41] found in activity file, but it does not exist in the .blif file.
Warning 172: Net $mul~17[42] found in activity file, but it does not exist in the .blif file.
Warning 173: Net $mul~17[43] found in activity file, but it does not exist in the .blif file.
Warning 174: Net $mul~17[44] found in activity file, but it does not exist in the .blif file.
Warning 175: Net $mul~17[45] found in activity file, but it does not exist in the .blif file.
Warning 176: Net $mul~17[46] found in activity file, but it does not exist in the .blif file.
Warning 177: Net $mul~17[47] found in activity file, but it does not exist in the .blif file.
Warning 178: Net $mul~17[48] found in activity file, but it does not exist in the .blif file.
Warning 179: Net $mul~17[49] found in activity file, but it does not exist in the .blif file.
Warning 180: Net $mul~17[50] found in activity file, but it does not exist in the .blif file.
Warning 181: Net $mul~17[51] found in activity file, but it does not exist in the .blif file.
Warning 182: Net $mul~17[52] found in activity file, but it does not exist in the .blif file.
Warning 183: Net $mul~17[53] found in activity file, but it does not exist in the .blif file.
Warning 184: Net $mul~17[54] found in activity file, but it does not exist in the .blif file.
Warning 185: Net $mul~17[55] found in activity file, but it does not exist in the .blif file.
Warning 186: Net $mul~17[56] found in activity file, but it does not exist in the .blif file.
Warning 187: Net $mul~17[57] found in activity file, but it does not exist in the .blif file.
Warning 188: Net $mul~17[58] found in activity file, but it does not exist in the .blif file.
Warning 189: Net $mul~17[59] found in activity file, but it does not exist in the .blif file.
Warning 190: Net $mul~17[60] found in activity file, but it does not exist in the .blif file.
Warning 191: Net $mul~17[61] found in activity file, but it does not exist in the .blif file.
Warning 192: Net $mul~17[62] found in activity file, but it does not exist in the .blif file.
Warning 193: Net $mul~17[63] found in activity file, but it does not exist in the .blif file.
Warning 194: Net $mul~17[64] found in activity file, but it does not exist in the .blif file.
Warning 195: Net $mul~17[65] found in activity file, but it does not exist in the .blif file.
Warning 196: Net $mul~17[66] found in activity file, but it does not exist in the .blif file.
Warning 197: Net $mul~17[67] found in activity file, but it does not exist in the .blif file.
Warning 198: Net $mul~17[68] found in activity file, but it does not exist in the .blif file.
Warning 199: Net $mul~17[69] found in activity file, but it does not exist in the .blif file.
Warning 200: Net $mul~17[70] found in activity file, but it does not exist in the .blif file.
Warning 201: Net $mul~17[71] found in activity file, but it does not exist in the .blif file.
# Load Activity File took 0.00 seconds (max_rss 24.5 MiB, delta_rss +0.0 MiB)
# Build Timing Graph
  Timing Graph Nodes: 3846
  Timing Graph Edges: 13638
  Timing Graph Levels: 40
# Build Timing Graph took 0.00 seconds (max_rss 26.3 MiB, delta_rss +1.8 MiB)
Netlist contains 1 clocks
  Netlist Clock 'clk' Fanout: 193 pins (5.0%), 193 blocks (20.3%)
# Load Timing Constraints

SDC file 'diffeq1.sdc' not found
Setting default timing constraints:
   * constrain all primay inputs and primary outputs on netlist clock 'clk'
   * optimize netlist clock to run as fast as possible
Timing constraints created 1 clocks
  Constrained Clock 'clk' Source: 'clk.inpad[0]'

# Load Timing Constraints took 0.00 seconds (max_rss 26.3 MiB, delta_rss +0.0 MiB)
# Packing
Begin packing 'diffeq1.pre-vpr.blif'.

After removing unused inputs...
	total blocks: 950, total nets: 1009, total inputs: 162, total outputs: 96
Begin prepacking.
0 attraction groups were created during prepacking.
Finish prepacking.
Using inter-cluster delay: 1.33777e-09
Packing with pin utilization targets: io:1,1 clb:0.8,0.6 mult_36:1,1 memory:1,1
Packing with high fanout thresholds: io:128 clb:32 mult_36:128 memory:128
Starting Clustering - Clustering Progress: 
-------------------   --------------------------   ---------
Molecules processed   Number of clusters created   FPGA size
-------------------   --------------------------   ---------
    32/758       4%                            8    13 x 26    
    63/758       8%                           12    13 x 26    
    94/758      12%                           16    13 x 26    
   124/758      16%                           20    13 x 26    
   160/758      21%                           25    13 x 26    
   193/758      25%                           29    13 x 26    
   225/758      29%                           33    13 x 26    
   258/758      34%                           37    13 x 26    
   289/758      38%                           41    13 x 26    
   323/758      42%                           45    13 x 26    
   358/758      47%                           50    13 x 26    
   389/758      51%                           55    13 x 26    
   419/758      55%                           60    13 x 26    
   449/758      59%                           65    13 x 26    
   479/758      63%                           70    13 x 26    
   509/758      67%                           87    13 x 26    
   539/758      71%                          117    13 x 26    
   569/758      75%                          147    13 x 26    
   599/758      79%                          177    13 x 26    
   629/758      82%                          207    13 x 26    
   659/758      86%                          237    13 x 26    
   689/758      90%                          267    13 x 26    
   719/758      94%                          297    13 x 26    
   749/758      98%                          327    13 x 26    
   758/758     100%                          336    13 x 26    

Logic Element (ble) detailed count:
  Total number of Logic Elements used : 495
  LEs used for logic and registers    : 192
  LEs used for logic only             : 302
  LEs used for registers only         : 1

Incr Slack updates 1 in 1.474e-05 sec
Full Max Req/Worst Slack updates 1 in 4.142e-06 sec
Incr Max Req/Worst Slack updates 0 in 0 sec
Incr Criticality updates 0 in 0 sec
Full Criticality updates 1 in 3.0518e-05 sec
FPGA sized to 13 x 26 (my_layout)
Device Utilization: 0.37 (target 1.00)
	Block Utilization: 0.46 Type: io
	Block Utilization: 0.31 Type: clb
	Block Utilization: 0.83 Type: mult_36

Start the iterative improvement process
the iterative improvement process is done
Final Clustering Statistics: 
----------   --------   ------------------------------------   --------------------------
Block Type   # Blocks   Avg. # of input clocks and pins used   Avg. # of output pins used
----------   --------   ------------------------------------   --------------------------
     EMPTY          0                                      0                            0   
        io        258                               0.372093                     0.627907   
       clb         73                                20.5479                      5.84932   
   mult_36          5                                     52                           32   
    memory          0                                      0                            0   
Absorbed logical nets 260 out of 1009 nets, 749 nets not absorbed.

Netlist conversion complete.

# Packing took 0.12 seconds (max_rss 28.9 MiB, delta_rss +2.6 MiB)
# Load packing
Begin loading packed FPGA netlist file.
Netlist generated from file 'diffeq1.net'.
Detected 1 constant generators (to see names run with higher pack verbosity)
Finished loading packed FPGA netlist file (took 0.032007 seconds).
Warning 202: Treated 1 constant nets as global which will not be routed (to see net names increase packer verbosity).
Warning 203: Netlist contains 5 global net to non-global architecture pin connections
Warning 204: Logic block #77 (vcc) has only 1 output pin 'vcc.O[9]'. It may be a constant generator.
Completed clustering consistency check successfully.
Cluster level netlist and block usage statistics
Netlist num_nets: 749
Netlist num_blocks: 336
Netlist EMPTY blocks: 0.
Netlist io blocks: 258.
Netlist clb blocks: 73.
Netlist mult_36 blocks: 5.
Netlist memory blocks: 0.
Netlist inputs pins: 162
Netlist output pins: 96

Pb types usage...
  io                   : 258
   inpad               : 162
   outpad              : 96
  clb                  : 73
   ble                 : 495
    soft_logic         : 494
     lut6              : 494
      lut              : 494
    ff                 : 193
  mult_36              : 5
   mult_36x36_slice    : 5
    mult_36x36         : 5

# Load packing took 0.05 seconds (max_rss 69.1 MiB, delta_rss +40.2 MiB)
# Create Device
## Build Device Grid
FPGA sized to 13 x 26: 338 grid tiles (my_layout)

Resource usage...
	Netlist
		258	blocks of type: io
	Architecture
		560	blocks of type: io
	Netlist
		73	blocks of type: clb
	Architecture
		234	blocks of type: clb
	Netlist
		5	blocks of type: mult_36
	Architecture
		6	blocks of type: mult_36
	Netlist
		0	blocks of type: memory
	Architecture
		1	blocks of type: memory

Device Utilization: 0.37 (target 1.00)
	Physical Tile io:
	Block Utilization: 0.46 Logical Block: io
	Physical Tile clb:
	Block Utilization: 0.31 Logical Block: clb
	Physical Tile mult_36:
	Block Utilization: 0.83 Logical Block: mult_36
	Physical Tile memory:
	Block Utilization: 0.00 Logical Block: memory

## Build Device Grid took 0.00 seconds (max_rss 69.1 MiB, delta_rss +0.0 MiB)
## Build routing resource graph
## Build routing resource graph took 0.11 seconds (max_rss 69.1 MiB, delta_rss +0.0 MiB)
  RR Graph Nodes: 46128
  RR Graph Edges: 312554
# Create Device took 0.12 seconds (max_rss 69.1 MiB, delta_rss +0.0 MiB)

# Computing router lookahead map
## Computing wire lookahead
## Computing wire lookahead took 0.04 seconds (max_rss 69.1 MiB, delta_rss +0.0 MiB)
## Computing src/opin lookahead
Warning 205: Found no more sample locations for SOURCE in io
Warning 206: Found no more sample locations for OPIN in io
Warning 207: Found no more sample locations for SOURCE in clb
Warning 208: Found no more sample locations for OPIN in clb
Warning 209: Found no more sample locations for SOURCE in mult_36
Warning 210: Found no more sample locations for OPIN in mult_36
Warning 211: Found no more sample locations for SOURCE in memory
Warning 212: Found no more sample locations for OPIN in memory
## Computing src/opin lookahead took 0.00 seconds (max_rss 69.1 MiB, delta_rss +0.0 MiB)
# Computing router lookahead map took 0.04 seconds (max_rss 69.1 MiB, delta_rss +0.0 MiB)
# Computing placement delta delay look-up
## Build routing resource graph
## Build routing resource graph took 0.10 seconds (max_rss 69.1 MiB, delta_rss +0.0 MiB)
  RR Graph Nodes: 45454
  RR Graph Edges: 300352
## Computing router lookahead map
### Computing wire lookahead
### Computing wire lookahead took 0.03 seconds (max_rss 69.1 MiB, delta_rss +0.0 MiB)
### Computing src/opin lookahead
Warning 213: Found no more sample locations for SOURCE in io
Warning 214: Found no more sample locations for OPIN in io
Warning 215: Found no more sample locations for SOURCE in clb
Warning 216: Found no more sample locations for OPIN in clb
Warning 217: Found no more sample locations for SOURCE in mult_36
Warning 218: Found no more sample locations for OPIN in mult_36
Warning 219: Found no more sample locations for SOURCE in memory
Warning 220: Found no more sample locations for OPIN in memory
### Computing src/opin lookahead took 0.00 seconds (max_rss 69.1 MiB, delta_rss +0.0 MiB)
## Computing router lookahead map took 0.04 seconds (max_rss 69.1 MiB, delta_rss +0.0 MiB)
Serial Connection Router is being destroyed. Time spent on path search: 0.000 seconds.
# Computing placement delta delay look-up took 0.14 seconds (max_rss 69.1 MiB, delta_rss +0.0 MiB)

Bounding box mode is Cube

# Compressed grid construction
# Compressed grid construction took 0.00 seconds (max_rss 69.1 MiB, delta_rss +0.0 MiB)
# Placement
## Initial Placement
Initial placement iteration 0 has finished successfully
## Initial Placement took 0.00 seconds (max_rss 69.1 MiB, delta_rss +0.0 MiB)
Using simple RL 'Softmax agent' for choosing move and block types

BB estimate of min-dist (placement) wire length: 12271

Completed placement consistency check successfully.
Initial placement cost: 1 bb_cost: 127.82 td_cost: 3.78436e-07
Initial placement estimated Critical Path Delay (CPD): 27.5337 ns
Initial placement estimated setup Total Negative Slack (sTNS): -2040.67 ns
Initial placement estimated setup Worst Negative Slack (sWNS): -27.5337 ns

Initial placement estimated setup slack histogram:
[ -2.8e-08: -2.5e-08)  10 (  3.5%) |****
[ -2.5e-08: -2.2e-08)   7 (  2.4%) |***
[ -2.2e-08: -1.9e-08)   5 (  1.7%) |**
[ -1.9e-08: -1.7e-08)   8 (  2.8%) |***
[ -1.7e-08: -1.4e-08)  13 (  4.5%) |*****
[ -1.4e-08: -1.1e-08)  12 (  4.2%) |*****
[ -1.1e-08: -8.6e-09)  13 (  4.5%) |*****
[ -8.6e-09: -5.9e-09) 119 ( 41.2%) |***********************************************
[ -5.9e-09: -3.2e-09)   6 (  2.1%) |**
[ -3.2e-09:   -5e-10)  96 ( 33.2%) |**************************************
Placement contains 0 placement macros involving 0 blocks (average macro size -nan)

Moves per temperature: 1167
Warning 221: Starting t: 153 of 336 configurations accepted.

---- ------ ------- ------- ---------- ---------- ------- ---------- -------- ------- ------- ------ -------- --------- ------
Tnum   Time       T Av Cost Av BB Cost Av TD Cost     CPD       sTNS     sWNS Ac Rate Std Dev  R lim Crit Exp Tot Moves  Alpha
      (sec)                                          (ns)       (ns)     (ns)                                                 
---- ------ ------- ------- ---------- ---------- ------- ---------- -------- ------- ------- ------ -------- --------- ------
   1    0.0 4.4e-04   0.921     103.25 3.1417e-07  26.777  -1.98e+03  -26.777   0.544  0.0369   25.0     1.00      1167  1.000
   2    0.0 4.2e-04   0.963      94.31 2.8678e-07  24.590  -1.88e+03  -24.590   0.490  0.0161   25.0     1.00      2334  0.950
   3    0.0 4.0e-04   0.985      89.98 2.8047e-07  23.356  -1.85e+03  -23.356   0.461  0.0056   25.0     1.00      3501  0.950
   4    0.0 3.8e-04   0.988      87.48 2.7654e-07  23.172  -1.85e+03  -23.172   0.436  0.0062   25.0     1.00      4668  0.950
   5    0.0 3.6e-04   0.996      85.67 2.6715e-07  23.202  -1.84e+03  -23.202   0.436  0.0042   24.9     1.03      5835  0.950
   6    0.0 3.4e-04   0.994      84.08 2.6465e-07  23.126  -1.87e+03  -23.126   0.411  0.0050   24.8     1.06      7002  0.950
   7    0.0 3.2e-04   0.999      82.69 2.366e-07   23.126  -1.85e+03  -23.126   0.383  0.0014   24.1     1.26      8169  0.950
   8    0.0 3.1e-04   0.994      81.35 2.0233e-07  22.983  -1.84e+03  -22.983   0.344  0.0028   22.7     1.66      9336  0.950
   9    0.0 2.9e-04   0.998      80.74 1.7072e-07  23.067  -1.86e+03  -23.067   0.366  0.0023   20.5     2.30     10503  0.950
  10    0.0 2.8e-04   0.999      80.43 1.5569e-07  23.010  -1.81e+03  -23.010   0.380  0.0014   19.0     2.75     11670  0.950
  11    0.0 2.6e-04   0.996      80.03 1.4762e-07  23.026  -1.83e+03  -23.026   0.383  0.0022   17.9     3.08     12837  0.950
  12    0.0 2.5e-04   0.999      79.50 1.4062e-07  23.046   -1.8e+03  -23.046   0.338  0.0012   16.9     3.37     14004  0.950
  13    0.0 2.4e-04   0.997      79.10 1.3246e-07  22.962   -1.8e+03  -22.962   0.311  0.0013   15.1     3.87     15171  0.950
  14    0.0 2.3e-04   0.998      79.29 1.229e-07   23.005   -1.8e+03  -23.005   0.308  0.0018   13.2     4.44     16338  0.950
  15    0.0 2.1e-04   0.998      78.46 1.1823e-07  22.954  -1.81e+03  -22.954   0.330  0.0012   11.5     4.95     17505  0.950
  16    0.0 2.0e-04   0.998      77.83 1.1463e-07  22.924   -1.8e+03  -22.924   0.312  0.0015   10.2     5.32     18672  0.950
  17    0.0 1.9e-04   0.997      77.14 1.117e-07   22.770   -1.8e+03  -22.770   0.274  0.0023    8.9     5.70     19839  0.950
  18    0.0 1.8e-04   0.998      76.57 1.0817e-07  22.770  -1.79e+03  -22.770   0.291  0.0017    7.4     6.13     21006  0.950
  19    0.0 1.7e-04   0.999      75.96 1.0486e-07  22.908   -1.8e+03  -22.908   0.254  0.0007    6.3     6.45     22173  0.950
  20    0.0 1.7e-04   0.999      75.87 1.0225e-07  22.888   -1.8e+03  -22.888   0.266  0.0007    5.1     6.79     23340  0.950
  21    0.0 1.6e-04   0.999      75.44 1.0087e-07  22.888  -1.79e+03  -22.888   0.260  0.0008    4.2     7.05     24507  0.950
  22    0.0 1.5e-04   0.998      75.48 1.0064e-07  22.791  -1.78e+03  -22.791   0.358  0.0009    3.5     7.28     25674  0.950
  23    0.0 1.4e-04   0.999      75.37 1.0101e-07  22.719  -1.79e+03  -22.719   0.386  0.0014    3.2     7.36     26841  0.950
  24    0.0 1.3e-04   0.997      74.61 1e-07       22.719  -1.77e+03  -22.719   0.368  0.0012    3.0     7.41     28008  0.950
  25    0.0 1.3e-04   0.999      74.28 9.9746e-08  22.719  -1.77e+03  -22.719   0.391  0.0011    2.8     7.47     29175  0.950
  26    0.0 1.2e-04   0.996      73.55 9.8862e-08  22.760  -1.79e+03  -22.760   0.417  0.0022    2.7     7.51     30342  0.950
  27    0.0 1.2e-04   0.997      72.91 9.779e-08   22.761  -1.77e+03  -22.761   0.365  0.0017    2.6     7.53     31509  0.950
  28    0.0 1.1e-04   1.000      72.65 9.743e-08   22.740  -1.75e+03  -22.740   0.385  0.0004    2.4     7.59     32676  0.950
  29    0.0 1.0e-04   0.998      72.50 9.7103e-08  22.740  -1.76e+03  -22.740   0.371  0.0006    2.3     7.63     33843  0.950
  30    0.0 9.9e-05   0.998      72.21 9.6446e-08  22.761  -1.76e+03  -22.761   0.356  0.0012    2.1     7.67     35010  0.950
  31    0.0 9.4e-05   0.999      71.83 9.6133e-08  22.761  -1.75e+03  -22.761   0.321  0.0004    1.9     7.72     36177  0.950
  32    0.0 8.9e-05   0.998      71.62 9.5681e-08  22.761  -1.77e+03  -22.761   0.326  0.0007    1.7     7.79     37344  0.950
  33    0.0 8.5e-05   0.998      71.21 9.665e-08   22.650  -1.75e+03  -22.650   0.292  0.0009    1.5     7.85     38511  0.950
  34    0.0 8.1e-05   1.000      71.18 9.6241e-08  22.650  -1.75e+03  -22.650   0.309  0.0003    1.3     7.91     39678  0.950
  35    0.0 7.7e-05   0.999      71.05 9.6015e-08  22.650  -1.75e+03  -22.650   0.294  0.0003    1.1     7.96     40845  0.950
  36    0.0 7.3e-05   1.000      71.06 9.5701e-08  22.650  -1.75e+03  -22.650   0.268  0.0003    1.0     8.00     42012  0.950
  37    0.0 6.9e-05   1.000      71.03 9.5684e-08  22.650  -1.75e+03  -22.650   0.298  0.0002    1.0     8.00     43179  0.950
  38    0.0 6.6e-05   1.000      70.91 9.5674e-08  22.650  -1.76e+03  -22.650   0.290  0.0003    1.0     8.00     44346  0.950
  39    0.0 6.2e-05   1.000      70.80 9.5756e-08  22.650  -1.76e+03  -22.650   0.275  0.0005    1.0     8.00     45513  0.950
  40    0.0 5.9e-05   0.999      70.57 9.5791e-08  22.650  -1.76e+03  -22.650   0.272  0.0005    1.0     8.00     46680  0.950
  41    0.0 5.6e-05   1.000      70.40 9.5829e-08  22.650  -1.76e+03  -22.650   0.264  0.0005    1.0     8.00     47847  0.950
  42    0.0 5.4e-05   1.000      70.45 9.5684e-08  22.650  -1.76e+03  -22.650   0.248  0.0002    1.0     8.00     49014  0.950
  43    0.0 5.1e-05   1.000      70.35 9.5658e-08  22.650  -1.75e+03  -22.650   0.258  0.0003    1.0     8.00     50181  0.950
  44    0.0 4.8e-05   1.000      70.23 9.5677e-08  22.650  -1.75e+03  -22.650   0.253  0.0002    1.0     8.00     51348  0.950
  45    0.0 4.6e-05   1.000      70.17 9.5688e-08  22.650  -1.75e+03  -22.650   0.244  0.0004    1.0     8.00     52515  0.950
  46    0.0 4.4e-05   1.000      70.04 9.5665e-08  22.650  -1.75e+03  -22.650   0.201  0.0003    1.0     8.00     53682  0.950
  47    0.0 4.1e-05   1.000      70.03 9.5531e-08  22.650  -1.75e+03  -22.650   0.216  0.0001    1.0     8.00     54849  0.950
  48    0.0 3.9e-05   1.000      69.98 9.5593e-08  22.650  -1.75e+03  -22.650   0.201  0.0002    1.0     8.00     56016  0.950
  49    0.0 3.7e-05   1.000      69.92 9.5515e-08  22.650  -1.75e+03  -22.650   0.223  0.0003    1.0     8.00     57183  0.950
  50    0.0 3.6e-05   1.000      69.85 9.5617e-08  22.650  -1.75e+03  -22.650   0.247  0.0001    1.0     8.00     58350  0.950
  51    0.0 3.4e-05   1.000      69.86 9.5644e-08  22.650  -1.75e+03  -22.650   0.217  0.0002    1.0     8.00     59517  0.950
  52    0.0 3.2e-05   1.000      69.79 9.5591e-08  22.650  -1.75e+03  -22.650   0.212  0.0001    1.0     8.00     60684  0.950
  53    0.0 3.0e-05   1.000      69.78 9.5545e-08  22.650  -1.75e+03  -22.650   0.202  0.0001    1.0     8.00     61851  0.950
  54    0.0 2.9e-05   1.000      69.72 9.5563e-08  22.650  -1.75e+03  -22.650   0.207  0.0002    1.0     8.00     63018  0.950
  55    0.0 2.7e-05   1.000      69.67 9.5542e-08  22.650  -1.75e+03  -22.650   0.231  0.0001    1.0     8.00     64185  0.950
  56    0.0 2.6e-05   1.000      69.63 9.5548e-08  22.650  -1.75e+03  -22.650   0.226  0.0002    1.0     8.00     65352  0.950
  57    0.0 2.5e-05   1.000      69.55 9.5545e-08  22.650  -1.76e+03  -22.650   0.212  0.0001    1.0     8.00     66519  0.950
  58    0.0 2.4e-05   1.000      69.54 9.5546e-08  22.650  -1.75e+03  -22.650   0.200  0.0000    1.0     8.00     67686  0.950
  59    0.0 2.2e-05   1.000      69.53 9.5565e-08  22.650  -1.75e+03  -22.650   0.195  0.0001    1.0     8.00     68853  0.950
  60    0.0 2.1e-05   1.000      69.49 9.5562e-08  22.650  -1.75e+03  -22.650   0.207  0.0001    1.0     8.00     70020  0.950
  61    0.0 2.0e-05   1.000      69.47 9.5547e-08  22.650  -1.75e+03  -22.650   0.188  0.0001    1.0     8.00     71187  0.950
  62    0.0 1.9e-05   1.000      69.45 9.5536e-08  22.650  -1.75e+03  -22.650   0.180  0.0000    1.0     8.00     72354  0.950
  63    0.0 1.8e-05   1.000      69.44 9.5441e-08  22.650  -1.75e+03  -22.650   0.187  0.0002    1.0     8.00     73521  0.950
  64    0.0 1.7e-05   1.000      69.38 9.5441e-08  22.650  -1.75e+03  -22.650   0.188  0.0001    1.0     8.00     74688  0.950
  65    0.0 1.6e-05   1.000      69.31 9.5441e-08  22.650  -1.75e+03  -22.650   0.209  0.0002    1.0     8.00     75855  0.950
  66    0.0 1.6e-05   1.000      69.27 9.5442e-08  22.650  -1.75e+03  -22.650   0.163  0.0000    1.0     8.00     77022  0.950
  67    0.0 1.5e-05   1.000      69.27 9.5442e-08  22.650  -1.76e+03  -22.650   0.160  0.0000    1.0     8.00     78189  0.950
  68    0.0 1.4e-05   1.000      69.26 9.5461e-08  22.650  -1.76e+03  -22.650   0.202  0.0000    1.0     8.00     79356  0.950
  69    0.0 1.3e-05   1.000      69.26 9.5548e-08  22.650  -1.75e+03  -22.650   0.189  0.0000    1.0     8.00     80523  0.950
  70    0.0 1.3e-05   1.000      69.26 9.5547e-08  22.650  -1.75e+03  -22.650   0.177  0.0000    1.0     8.00     81690  0.950
  71    0.0 1.2e-05   1.000      69.26 9.5548e-08  22.650  -1.75e+03  -22.650   0.170  0.0000    1.0     8.00     82857  0.950
  72    0.0 1.1e-05   1.000      69.26 9.5548e-08  22.650  -1.75e+03  -22.650   0.181  0.0000    1.0     8.00     84024  0.950
  73    0.0 1.1e-05   1.000      69.26 9.5546e-08  22.650  -1.75e+03  -22.650   0.171  0.0000    1.0     8.00     85191  0.950
  74    0.0 1.0e-05   1.000      69.26 9.5547e-08  22.650  -1.75e+03  -22.650   0.191  0.0000    1.0     8.00     86358  0.950
  75    0.0 9.9e-06   1.000      69.27 9.5523e-08  22.650  -1.75e+03  -22.650   0.183  0.0000    1.0     8.00     87525  0.950
  76    0.0 9.4e-06   1.000      69.27 9.544e-08   22.650  -1.76e+03  -22.650   0.177  0.0000    1.0     8.00     88692  0.950
  77    0.0 8.9e-06   1.000      69.27 9.5442e-08  22.650  -1.75e+03  -22.650   0.193  0.0000    1.0     8.00     89859  0.950
  78    0.0 8.4e-06   1.000      69.26 9.5441e-08  22.650  -1.75e+03  -22.650   0.189  0.0000    1.0     8.00     91026  0.950
  79    0.0 8.0e-06   1.000      69.26 9.544e-08   22.650  -1.75e+03  -22.650   0.189  0.0000    1.0     8.00     92193  0.950
  80    0.0 7.6e-06   1.000      69.26 9.5443e-08  22.650  -1.76e+03  -22.650   0.183  0.0000    1.0     8.00     93360  0.950
  81    0.0 7.2e-06   1.000      69.26 9.5443e-08  22.650  -1.76e+03  -22.650   0.165  0.0000    1.0     8.00     94527  0.950
  82    0.0 6.9e-06   1.000      69.26 9.5441e-08  22.650  -1.75e+03  -22.650   0.188  0.0000    1.0     8.00     95694  0.950
  83    0.0 0.0e+00   0.972      70.03 8.8961e-08  22.650  -1.75e+03  -22.650   0.077  0.0147    1.0     8.00     96861  0.950
## Placement Quench took 0.00 seconds (max_rss 69.1 MiB)
post-quench CPD = 22.3654 (ns) 

BB estimate of min-dist (placement) wire length: 6709

Completed placement consistency check successfully.

Swaps called: 97197

Aborted Move Reasons:
  No moves aborted

Placement estimated critical path delay (least slack): 22.3654 ns, Fmax: 44.712 MHz
Placement estimated setup Worst Negative Slack (sWNS): -22.3654 ns
Placement estimated setup Total Negative Slack (sTNS): -1737.33 ns

Placement estimated setup slack histogram:
[ -2.2e-08:   -2e-08)  10 (  3.5%) |****
[   -2e-08: -1.8e-08)   9 (  3.1%) |****
[ -1.8e-08: -1.6e-08)   5 (  1.7%) |**
[ -1.6e-08: -1.4e-08)   8 (  2.8%) |***
[ -1.4e-08: -1.1e-08)  14 (  4.8%) |******
[ -1.1e-08: -9.2e-09)   7 (  2.4%) |***
[ -9.2e-09: -7.1e-09)  15 (  5.2%) |******
[ -7.1e-09: -4.9e-09) 119 ( 41.2%) |***********************************************
[ -4.9e-09: -2.7e-09)   6 (  2.1%) |**
[ -2.7e-09:   -5e-10)  96 ( 33.2%) |**************************************

Placement estimated geomean non-virtual intra-domain period: 22.3654 ns (44.712 MHz)
Placement estimated fanout-weighted geomean non-virtual intra-domain period: 22.3654 ns (44.712 MHz)

Placement cost: 0.962336, bb_cost: 69.8841, td_cost: 8.88916e-08, 

Placement resource usage:
  io      implemented as io     : 258
  clb     implemented as clb    : 73
  mult_36 implemented as mult_36: 5

Placement number of temperatures: 83
Placement total # of swap attempts: 97197
	Swaps accepted: 26394 (27.2 %)
	Swaps rejected: 63817 (65.7 %)
	Swaps aborted:  6986 ( 7.2 %)


Placement perturbation distribution by block and move type: 
------------------ ----------------- ---------------- ---------------- --------------- ------------ 
    Block Type         Move Type       (%) of Total      Accepted(%)     Rejected(%)    Aborted(%)
------------------ ----------------- ---------------- ---------------- --------------- ------------ 
io                 Uniform                19.26            38.37           61.63          0.00         
                   Median                 19.09            32.73           57.47          9.79         
                   Centroid               18.94            33.20           57.67          9.14         
                   W. Centroid            18.99            33.15           58.12          8.73         
                   W. Median              0.13             13.82           73.98          12.20        
                   Crit. Uniform          0.02             19.05           80.95          0.00         
                   Feasible Region        0.02             19.05           80.95          0.00         

clb                Uniform                5.41             2.83            96.65          0.51         
                   Median                 5.45             4.59            92.60          2.81         
                   Centroid               5.36             4.97            94.03          1.00         
                   W. Centroid            5.44             4.30            94.13          1.57         
                   W. Median              0.04             0.00            100.00         0.00         
                   Crit. Uniform          0.09             0.00            100.00         0.00         
                   Feasible Region        0.09             0.00            100.00         0.00         

mult_36            Uniform                0.36             0.00            0.00           100.00       
                   Median                 0.43             0.00            0.00           100.00       
                   Centroid               0.37             0.00            0.00           100.00       
                   W. Centroid            0.37             0.00            0.00           100.00       
                   W. Median              0.00             0.00            0.00           100.00       
                   Crit. Uniform          0.06             0.00            0.00           100.00       
                   Feasible Region        0.06             5.00            95.00          0.00         


Placement Quench timing analysis took 0.000526171 seconds (0.000474481 STA, 5.169e-05 slack) (1 full updates: 1 setup, 0 hold, 0 combined).
Placement Total  timing analysis took 0.0491834 seconds (0.0443926 STA, 0.00479081 slack) (85 full updates: 85 setup, 0 hold, 0 combined).
update_td_costs: connections 0 nets 0 sum_nets 0 total 0
# Placement took 0.21 seconds (max_rss 69.1 MiB, delta_rss +0.0 MiB)

# Routing
Initializing minimum channel width search based on maximum CLB pins

Attempting to route at 52 channels (binary search bounds: [-1, -1])
## Build routing resource graph
## Build routing resource graph took 0.06 seconds (max_rss 69.1 MiB, delta_rss +0.0 MiB)
  RR Graph Nodes: 38040
  RR Graph Edges: 169956
## Computing router lookahead map
### Computing wire lookahead
### Computing wire lookahead took 0.02 seconds (max_rss 69.1 MiB, delta_rss +0.0 MiB)
### Computing src/opin lookahead
Warning 222: Found no more sample locations for SOURCE in io
Warning 223: Found no more sample locations for OPIN in io
Warning 224: Found no more sample locations for SOURCE in clb
Warning 225: Found no more sample locations for OPIN in clb
Warning 226: Found no more sample locations for SOURCE in mult_36
Warning 227: Found no more sample locations for OPIN in mult_36
Warning 228: Found no more sample locations for SOURCE in memory
Warning 229: Found no more sample locations for OPIN in memory
### Computing src/opin lookahead took 0.00 seconds (max_rss 69.1 MiB, delta_rss +0.0 MiB)
## Computing router lookahead map took 0.02 seconds (max_rss 69.1 MiB, delta_rss +0.0 MiB)
## Initializing router criticalities
Initial Net Connection Criticality Histogram:
[        0:      0.1) 604 ( 32.5%) |***********************************************
[      0.1:      0.2)  91 (  4.9%) |*******
[      0.2:      0.3) 382 ( 20.6%) |******************************
[      0.3:      0.4)  68 (  3.7%) |*****
[      0.4:      0.5)  67 (  3.6%) |*****
[      0.5:      0.6)  42 (  2.3%) |***
[      0.6:      0.7) 132 (  7.1%) |**********
[      0.7:      0.8)  62 (  3.3%) |*****
[      0.8:      0.9) 134 (  7.2%) |**********
[      0.9:        1) 274 ( 14.8%) |*********************
## Initializing router criticalities took 0.01 seconds (max_rss 69.1 MiB, delta_rss +0.0 MiB)
---- ------ ------- ---- ------- ------- ------- ----------------- --------------- -------- ---------- ---------- ---------- ---------- --------
Iter   Time    pres  BBs    Heap  Re-Rtd  Re-Rtd Overused RR Nodes      Wirelength      CPD       sTNS       sWNS       hTNS       hWNS Est Succ
      (sec)     fac Updt    push    Nets   Conns                                       (ns)       (ns)       (ns)       (ns)       (ns)     Iter
---- ------ ------- ---- ------- ------- ------- ----------------- --------------- -------- ---------- ---------- ---------- ---------- --------
   1    0.0     0.0    0  512669     747    1784    1310 ( 3.444%)   18405 (62.9%)   28.200     -2301.    -28.200      0.000      0.000      N/A
Incr Slack updates 85 in 0.00156238 sec
Full Max Req/Worst Slack updates 19 in 6.6965e-05 sec
Incr Max Req/Worst Slack updates 66 in 0.000264065 sec
Incr Criticality updates 57 in 0.00172801 sec
Full Criticality updates 28 in 0.000820893 sec
   2    0.0     0.5    0  576884     708    1742    1264 ( 3.323%)   18803 (64.2%)   28.200     -2316.    -28.200      0.000      0.000      N/A
   3    0.1     0.6    0  848640     694    1724    1359 ( 3.573%)   20718 (70.8%)   28.150     -2351.    -28.150      0.000      0.000      N/A
   4    0.1     0.8    0 1156251     678    1708    1330 ( 3.496%)   21313 (72.8%)   28.156     -2467.    -28.156      0.000      0.000      N/A
   5    0.2     1.1    0 1502666     669    1691    1223 ( 3.215%)   22012 (75.2%)   28.154     -2490.    -28.154      0.000      0.000      N/A
   6    0.2     1.4    0 1797614     652    1670    1172 ( 3.081%)   22505 (76.9%)   28.165     -2536.    -28.165      0.000      0.000      N/A
   7    0.3     1.9    0 2023030     630    1624    1153 ( 3.031%)   23517 (80.3%)   28.181     -2510.    -28.181      0.000      0.000      N/A
   8    0.3     2.4    0 2295987     635    1652    1145 ( 3.010%)   24303 (83.0%)   28.162     -2569.    -28.162      0.000      0.000      N/A
   9    0.4     3.1    0 2446540     633    1636    1093 ( 2.873%)   24796 (84.7%)   28.376     -2664.    -28.376      0.000      0.000      N/A
  10    0.5     4.1    0 2954326     635    1648    1043 ( 2.742%)   25045 (85.5%)   28.413     -2662.    -28.413      0.000      0.000      291
Routing aborted, the predicted iteration for a successful route (291.3) is too high.
Routing failed.

Failed routing attempt
Total number of overused nodes: 1043
Total number of overused nodes is larger than the logging limit (20).
Displaying the first 20 entries.
Routing Failure Diagnostics: Printing Overused Nodes Information
------ ------- ---------- --------- -------- ------------ ------- ------- ------- ------- ------- ------- -------
   No.  NodeId  Occupancy  Capacity  RR Node    Direction    Side     PTC   Block    Xlow    Ylow   Xhigh   Yhigh
                                        type                          NUM    Name                                 
------ ------- ---------- --------- -------- ------------ ------- ------- ------- ------- ------- ------- -------
     0   29282          2         1    CHANX      INC_DIR     N/A       4      io       1       0       2       0
     1   29289          2         1    CHANX      DEC_DIR     N/A      11      io       1       0       1       0
     2   29295          2         1    CHANX      DEC_DIR     N/A      17      io       1       0       4       0
     3   29299          2         1    CHANX      DEC_DIR     N/A      21      io       1       0       2       0
     4   29301          2         1    CHANX      DEC_DIR     N/A      23      io       1       0       3       0
     5   29315          2         1    CHANX      DEC_DIR     N/A      37      io       1       0       2       0
     6   29317          2         1    CHANX      DEC_DIR     N/A      39      io       1       0       3       0
     7   29323          2         1    CHANX      DEC_DIR     N/A      45      io       1       0       2       0
     8   29339          2         1    CHANX      DEC_DIR     N/A      35      io       2       0       5       0
     9   29340          2         1    CHANX      INC_DIR     N/A      42      io       2       0       5       0
    10   29348          2         1    CHANX      INC_DIR     N/A      20      io       3       0       6       0
    11   29349          2         1    CHANX      DEC_DIR     N/A      21      io       3       0       6       0
    12   29354          2         1    CHANX      INC_DIR     N/A      44      io       3       0       6       0
    13   29367          2         1    CHANX      DEC_DIR     N/A      47      io       4       0       7       0
    14   29373          2         1    CHANX      DEC_DIR     N/A      17      io       5       0       8       0
    15   29377          2         1    CHANX      DEC_DIR     N/A      33      io       5       0       8       0
    16   29378          2         1    CHANX      INC_DIR     N/A      40      io       5       0       8       0
    17   29461          2         1    CHANX      DEC_DIR     N/A       1 mult_36       1       1       3       1
    18   29489          2         1    CHANX      DEC_DIR     N/A      29 mult_36       1       1       1       1
    19   29491          2         1    CHANX      DEC_DIR     N/A      31 mult_36       1       1       2       1

Final Net Connection Criticality Histogram:
[        0:      0.1) 520 ( 28.0%) |***********************************************
[      0.1:      0.2) 107 (  5.8%) |**********
[      0.2:      0.3) 129 (  7.0%) |************
[      0.3:      0.4) 295 ( 15.9%) |***************************
[      0.4:      0.5) 149 (  8.0%) |*************
[      0.5:      0.6)  56 (  3.0%) |*****
[      0.6:      0.7) 124 (  6.7%) |***********
[      0.7:      0.8)  80 (  4.3%) |*******
[      0.8:      0.9) 130 (  7.0%) |************
[      0.9:        1) 266 ( 14.3%) |************************
Router Stats: total_nets_routed: 6681 total_connections_routed: 16879 total_heap_pushes: 16114607 total_heap_pops: 7921417 
Serial Connection Router is being destroyed. Time spent on path search: 1.999 seconds.

Attempting to route at 104 channels (binary search bounds: [52, -1])
## Build routing resource graph
## Build routing resource graph took 0.11 seconds (max_rss 69.1 MiB, delta_rss +0.0 MiB)
  RR Graph Nodes: 46802
  RR Graph Edges: 324134
## Computing router lookahead map
### Computing wire lookahead
### Computing wire lookahead took 0.04 seconds (max_rss 69.1 MiB, delta_rss +0.0 MiB)
### Computing src/opin lookahead
Warning 230: Found no more sample locations for SOURCE in io
Warning 231: Found no more sample locations for OPIN in io
Warning 232: Found no more sample locations for SOURCE in clb
Warning 233: Found no more sample locations for OPIN in clb
Warning 234: Found no more sample locations for SOURCE in mult_36
Warning 235: Found no more sample locations for OPIN in mult_36
Warning 236: Found no more sample locations for SOURCE in memory
Warning 237: Found no more sample locations for OPIN in memory
### Computing src/opin lookahead took 0.00 seconds (max_rss 69.1 MiB, delta_rss +0.0 MiB)
## Computing router lookahead map took 0.04 seconds (max_rss 69.1 MiB, delta_rss +0.0 MiB)
## Initializing router criticalities
Initial Net Connection Criticality Histogram:
[        0:      0.1) 604 ( 32.5%) |***********************************************
[      0.1:      0.2)  90 (  4.8%) |*******
[      0.2:      0.3) 385 ( 20.7%) |******************************
[      0.3:      0.4)  66 (  3.6%) |*****
[      0.4:      0.5)  67 (  3.6%) |*****
[      0.5:      0.6)  42 (  2.3%) |***
[      0.6:      0.7) 132 (  7.1%) |**********
[      0.7:      0.8)  62 (  3.3%) |*****
[      0.8:      0.9) 134 (  7.2%) |**********
[      0.9:        1) 274 ( 14.8%) |*********************
## Initializing router criticalities took 0.00 seconds (max_rss 69.1 MiB, delta_rss +0.0 MiB)
---- ------ ------- ---- ------- ------- ------- ----------------- --------------- -------- ---------- ---------- ---------- ---------- --------
Iter   Time    pres  BBs    Heap  Re-Rtd  Re-Rtd Overused RR Nodes      Wirelength      CPD       sTNS       sWNS       hTNS       hWNS Est Succ
      (sec)     fac Updt    push    Nets   Conns                                       (ns)       (ns)       (ns)       (ns)       (ns)     Iter
---- ------ ------- ---- ------- ------- ------- ----------------- --------------- -------- ---------- ---------- ---------- ---------- --------
   1    0.0     0.0    0  552624     747    1784     926 ( 1.979%)   16975 (29.0%)   26.898     -2173.    -26.898      0.000      0.000      N/A
   2    0.0     0.5    0  554421     605    1601     642 ( 1.372%)   17130 (29.3%)   26.898     -2186.    -26.898      0.000      0.000      N/A
   3    0.0     0.6    0  539300     487    1339     513 ( 1.096%)   17690 (30.2%)   26.855     -2198.    -26.855      0.000      0.000      N/A
   4    0.0     0.8    0  539165     418    1243     411 ( 0.878%)   18198 (31.1%)   26.842     -2218.    -26.842      0.000      0.000      N/A
   5    0.0     1.1    0  527858     357    1123     307 ( 0.656%)   18556 (31.7%)   26.875     -2231.    -26.875      0.000      0.000      N/A
   6    0.0     1.4    0  446309     282     901     207 ( 0.442%)   18885 (32.3%)   26.850     -2237.    -26.850      0.000      0.000      N/A
   7    0.0     1.9    0  373526     221     699     152 ( 0.325%)   19270 (32.9%)   26.869     -2292.    -26.869      0.000      0.000      N/A
   8    0.0     2.4    0  317281     177     577     106 ( 0.226%)   19589 (33.5%)   26.873     -2292.    -26.873      0.000      0.000      N/A
   9    0.0     3.1    0  195007     134     404      66 ( 0.141%)   19810 (33.8%)   26.873     -2346.    -26.873      0.000      0.000      N/A
  10    0.0     4.1    0  147542      84     277      37 ( 0.079%)   20026 (34.2%)   26.891     -2347.    -26.891      0.000      0.000       20
  11    0.0     5.3    0   81661      59     176      33 ( 0.071%)   20140 (34.4%)   26.853     -2351.    -26.853      0.000      0.000       19
  12    0.0     6.9    0  114272      50     159      22 ( 0.047%)   20333 (34.7%)   26.843     -2355.    -26.843      0.000      0.000       20
  13    0.0     9.0    0   71977      33     102      15 ( 0.032%)   20495 (35.0%)   26.843     -2428.    -26.843      0.000      0.000       20
  14    0.0    11.6    0   59096      22      67       6 ( 0.013%)   20590 (35.2%)   26.876     -2431.    -26.876      0.000      0.000       20
  15    0.0    15.1    0   63037      45     140       5 ( 0.011%)   20614 (35.2%)   26.843     -2431.    -26.843      0.000      0.000       19
  16    0.0    19.7    0   19199       8      23       3 ( 0.006%)   20616 (35.2%)   26.876     -2432.    -26.876      0.000      0.000       19
  17    0.0    25.6    0   32335      37     113       3 ( 0.006%)   20649 (35.3%)   27.051     -2437.    -27.051      0.000      0.000       19
  18    0.0    33.3    0   54048      39     122       0 ( 0.000%)   20706 (35.4%)   27.051     -2437.    -27.051      0.000      0.000       19
Restoring best routing
Critical path: 27.0508 ns
Successfully routed after 18 routing iterations.
Final Net Connection Criticality Histogram:
[        0:      0.1) 556 ( 30.0%) |***********************************************
[      0.1:      0.2)  83 (  4.5%) |*******
[      0.2:      0.3) 198 ( 10.7%) |*****************
[      0.3:      0.4) 285 ( 15.4%) |************************
[      0.4:      0.5)  84 (  4.5%) |*******
[      0.5:      0.6)  49 (  2.6%) |****
[      0.6:      0.7) 133 (  7.2%) |***********
[      0.7:      0.8)  70 (  3.8%) |******
[      0.8:      0.9) 128 (  6.9%) |***********
[      0.9:        1) 270 ( 14.5%) |***********************
Router Stats: total_nets_routed: 3805 total_connections_routed: 10850 total_heap_pushes: 4688658 total_heap_pops: 1268746 
Serial Connection Router is being destroyed. Time spent on path search: 0.293 seconds.

Attempting to route at 78 channels (binary search bounds: [52, 104])
## Build routing resource graph
## Build routing resource graph took 0.08 seconds (max_rss 69.1 MiB, delta_rss +0.0 MiB)
  RR Graph Nodes: 42422
  RR Graph Edges: 247169
## Computing router lookahead map
### Computing wire lookahead
### Computing wire lookahead took 0.03 seconds (max_rss 69.1 MiB, delta_rss +0.0 MiB)
### Computing src/opin lookahead
Warning 238: Found no more sample locations for SOURCE in io
Warning 239: Found no more sample locations for OPIN in io
Warning 240: Found no more sample locations for SOURCE in clb
Warning 241: Found no more sample locations for OPIN in clb
