/usr/bin/env time -v /home/digital-2/vtr/abc/abc -c echo ""; echo "Load Netlist"; echo "============"; read 0_diffeq1.parmys.blif; time; echo ""; echo "Circuit Info"; echo "=========="; print_stats; print_latch; time; echo ""; echo "LUT Costs"; echo "========="; print_lut; time; echo ""; echo "Logic Opt + Techmap"; echo "==================="; strash; ifraig -v; scorr -v; dc2 -v; dch -f; if -K 6 -v; mfs2 -v; print_stats; time; echo ""; echo "Output Netlist"; echo "=============="; write_hie 0_diffeq1.parmys.blif 0_diffeq1.raw.abc.blif; time;
ABC command line: "echo ""; echo "Load Netlist"; echo "============"; read 0_diffeq1.parmys.blif; time; echo ""; echo "Circuit Info"; echo "=========="; print_stats; print_latch; time; echo ""; echo "LUT Costs"; echo "========="; print_lut; time; echo ""; echo "Logic Opt + Techmap"; echo "==================="; strash; ifraig -v; scorr -v; dc2 -v; dch -f; if -K 6 -v; mfs2 -v; print_stats; time; echo ""; echo "Output Netlist"; echo "=============="; write_hie 0_diffeq1.parmys.blif 0_diffeq1.raw.abc.blif; time;".

 
Load Netlist 
============ 
Hierarchy reader converted 6 instances of blackboxes.
elapse: 0.00 seconds, total: 0.00 seconds
 
Circuit Info 
========== 
[1;37mdiffeq_paj_convert            :[0m i/o =  522/  323  lat =  193  nd =  1280  edge =   3186  cube =  2342  lev = 69
Total latches =   193. Init0 = 193. Init1 = 0. InitDC = 0. Const data = 0.
elapse: 0.00 seconds, total: 0.00 seconds
 
LUT Costs 
========= 
# The area/delay of k-variable LUTs:
# k    area     delay
1      1.00      1.00
2      1.00      1.00
3      1.00      1.00
4      1.00      1.00
elapse: 0.00 seconds, total: 0.00 seconds
 
Logic Opt + Techmap 
=================== 
SimWords = 32. Rounds = 4. Mem = 0.46 MB.  Classes: Beg = 1. End = 1.
Proof = 1. Counter-example = 0. Fail = 0. FailReal = 0. Zero = 0.
Final = 2546. Miter = 2548. Total = 2548. Mux = 0. (Exor = 0.) SatVars = 183.
starts        :                0
conflicts     :                0
decisions     :                0
propagations  :                8
AIG simulation   =     0.00 sec
AIG traversal    =     0.00 sec
SAT solving      =     0.00 sec
    Unsat        =     0.00 sec
    Sat          =     0.00 sec
    Fail         =     0.00 sec
Class refining   =     0.00 sec
TOTAL RUNTIME    =     0.00 sec
Allocated 0.12 MB to store simulation information.
Initial simulation of 4 frames with 2 words.     Time =     0.00 sec
Collecting candidate equivalence classes.        Time =     0.00 sec
Simulation of 4 frames with 2 words ( 1 rounds). Time =     0.00 sec
Before BMC: Equiv classes: Const1 =     0. Class =     2. Lit =     4.
After  BMC: Equiv classes: Const1 =     0. Class =     1. Lit =     1.
  0 : C =      0. Cl =      0. LR =     1. NR =  5092. F =    0. - T =     0.00 sec
  1 : C =      0. Cl =      0. LR =     0. NR =  5092. F =    0. - T =     0.00 sec
Parameters: F = 1. AddF = 2. C-lim = 1000. Constr = 0. MaxLev = 0. Mem = 0.17 MB.
AIG       : PI = 522. PO = 323. Latch = 193. Node = 2546.  Ave SAT vars = 0.
SAT calls : Proof = 1. Cex = 3. Fail = 0. Lits proved = 0.
SAT solver: Vars max = 1799. Calls max = 1. Recycles = 0. Sim rounds = 0.
NBeg = 2546. NEnd = 2546. (Gain =   0.00 %).  RBeg = 193. REnd = 193. (Gain =   0.00 %).
BMC         =     0.00 sec (  7.09 %)
Spec reduce =     0.00 sec ( 20.06 %)
Mark cones  =     0.00 sec (  0.00 %)
Sim SAT     =     0.00 sec (  4.68 %)
SAT solving =     0.00 sec (  3.73 %)
  unsat     =     0.00 sec (  0.21 %)
  sat       =     0.00 sec (  3.56 %)
  undecided =     0.00 sec (  0.00 %)
Other       =     0.00 sec ( 64.44 %)
TOTAL       =     0.00 sec (100.00 %)
Starting:  diffeq_paj_convert : pi =   522  po =   323  lat =   193  and =    2546  lev = 134
Rewrite:   diffeq_paj_convert : pi =   522  po =   323  lat =   193  and =    2213  lev =  74
Refactor:  diffeq_paj_convert : pi =   522  po =   323  lat =   193  and =    2196  lev =  74
Balance:   diffeq_paj_convert : pi =   522  po =   323  lat =   193  and =    2196  lev =  74
Rewrite:   diffeq_paj_convert : pi =   522  po =   323  lat =   193  and =    1958  lev =  73
RewriteZ:  diffeq_paj_convert : pi =   522  po =   323  lat =   193  and =    1957  lev =  70
RefactorZ: diffeq_paj_convert : pi =   522  po =   323  lat =   193  and =    1957  lev =  70
RewriteZ:  diffeq_paj_convert : pi =   522  po =   323  lat =   193  and =    1951  lev =  70
K = 6. Memory (bytes): Truth =    0. Cut =   56. Obj =  136. Set =  600. CutMin = no
Node =    2802.  Ch =   384.  Total mem =    0.58 MB. Peak cut mem =    0.04 MB.
P:  Del =   15.00.  Ar =     771.0.  Edge =     2596.  Cut =    40779.  T =     0.00 sec
P:  Del =   15.00.  Ar =     565.0.  Edge =     2928.  Cut =    36317.  T =     0.00 sec
P:  Del =   15.00.  Ar =     577.0.  Edge =     2504.  Cut =    41497.  T =     0.00 sec
F:  Del =   15.00.  Ar =     531.0.  Edge =     2396.  Cut =    35341.  T =     0.00 sec
A:  Del =   15.00.  Ar =     511.0.  Edge =     2117.  Cut =    36625.  T =     0.00 sec
A:  Del =   15.00.  Ar =     495.0.  Edge =     2099.  Cut =    37995.  T =     0.00 sec
Total time =     0.02 sec
Performing MFS with 715 PIs, 516 POs, 497 nodes (497 flexible, 0 fixed, 0 empty).
Nodes = 497. Try = 499. Resub = 2. Div = 45764 (ave = 91). SAT calls = 7580. Timeouts = 0. MaxDivs = 6.
Attempts :   Remove      0 out of   2101 (  0.00 %)   Resub       2 out of    153 (  1.31 %)   
Reduction:   Nodes       2 out of    495 (  0.40 %)   Edges       4 out of   2099 (  0.19 %)   
Win =     0.00 sec (  1.41 %)
Div =     0.00 sec (  1.34 %)
Cnf =     0.01 sec ( 12.79 %)
Sat =     0.07 sec ( 83.66 %)
Oth =     0.00 sec (  0.80 %)
ALL =     0.08 sec (100.00 %)
The network has 2 nodes changed by "mfs".
[1;37mdiffeq_paj_convert            :[0m i/o =  522/  323  lat =  193  nd =   495  edge =   2095  cube =  2067  lev = 15
elapse: 0.17 seconds, total: 0.18 seconds
 
Output Netlist 
============== 
Hierarchy writer reintroduced 6 instances of blackboxes.
elapse: 0.00 seconds, total: 0.18 seconds
	Command being timed: "/home/digital-2/vtr/abc/abc -c echo ""; echo "Load Netlist"; echo "============"; read 0_diffeq1.parmys.blif; time; echo ""; echo "Circuit Info"; echo "=========="; print_stats; print_latch; time; echo ""; echo "LUT Costs"; echo "========="; print_lut; time; echo ""; echo "Logic Opt + Techmap"; echo "==================="; strash; ifraig -v; scorr -v; dc2 -v; dch -f; if -K 6 -v; mfs2 -v; print_stats; time; echo ""; echo "Output Netlist"; echo "=============="; write_hie 0_diffeq1.parmys.blif 0_diffeq1.raw.abc.blif; time;"
	User time (seconds): 0.18
	System time (seconds): 0.01
	Percent of CPU this job got: 100%
	Elapsed (wall clock) time (h:mm:ss or m:ss): 0:00.19
	Average shared text size (kbytes): 0
	Average unshared data size (kbytes): 0
	Average stack size (kbytes): 0
	Average total size (kbytes): 0
	Maximum resident set size (kbytes): 39608
	Average resident set size (kbytes): 0
	Major (requiring I/O) page faults: 0
	Minor (reclaiming a frame) page faults: 5963
	Voluntary context switches: 0
	Involuntary context switches: 1
	Swaps: 0
	File system inputs: 0
	File system outputs: 192
	Socket messages sent: 0
	Socket messages received: 0
	Signals delivered: 0
	Page size (bytes): 4096
	Exit status: 0
