/usr/bin/env time -v /home/digital-2/vtr/ace2/ace -b diffeq1.abc.blif -c clk -n diffeq1.raw.ace.blif -o diffeq1.act -s 1
Hierarchy reader converted 5 instances of blackboxes.
Objects in network: 1918
PIs in network: 522
POs in network: 322
Nodes in network: 495
Latches in network: 193
Max Depth: 15
Input activities will be assumed (0.500000, 0.200000, 0.200000)...
Clock detected: clk
Name Manager Entries: 1916
193/193 latches are part of cycle(s)
Stage 1: Simulating Probabilities...
Stage 2: Computing Probabilities...
Stage 3: Computing Register Output Activities...
Stage 4: Computing Switching Activities...
Hierarchy writer reintroduced 5 instances of blackboxes.
Done
Ace took 0.46 seconds (max_rss 55.3 MiB)
	Command being timed: "/home/digital-2/vtr/ace2/ace -b diffeq1.abc.blif -c clk -n diffeq1.raw.ace.blif -o diffeq1.act -s 1"
	User time (seconds): 0.45
	System time (seconds): 0.00
	Percent of CPU this job got: 99%
	Elapsed (wall clock) time (h:mm:ss or m:ss): 0:00.46
	Average shared text size (kbytes): 0
	Average unshared data size (kbytes): 0
	Average stack size (kbytes): 0
	Average total size (kbytes): 0
	Maximum resident set size (kbytes): 56600
	Average resident set size (kbytes): 0
	Major (requiring I/O) page faults: 0
	Minor (reclaiming a frame) page faults: 4775
	Voluntary context switches: 1
	Involuntary context switches: 5
	Swaps: 0
	File system inputs: 0
	File system outputs: 280
	Socket messages sent: 0
	Socket messages received: 0
	Signals delivered: 0
	Page size (bytes): 4096
	Exit status: 0
