/usr/bin/env time -v /home/digital-2/vtr/vpr/vpr vpr_arch_run.xml diffeq1 --circuit_file diffeq1.pre-vpr.blif --power --tech_properties /home/digital-2/vtr/vtr_flow/tech/PTM_45nm/45nm.xml --max_router_iterations 150 --route --route_chan_width 96
VPR FPGA Placement and Routing.
Version: 9.0.0-dev+v8.0.0-11943-g8cb20aa52
Revision: v8.0.0-11943-g8cb20aa52
Compiled: 2026-06-01T15:33:18
Compiler: GNU 13.3.0 on Linux-4.18.0-553.126.1.el8_10.x86_64 x86_64
Build Info: release IPO VTR_ASSERT_LEVEL=2

University of Toronto
verilogtorouting.org
vtr-users@googlegroups.com
This is free open source code under MIT license.

VPR was run with the following command-line:
/home/digital-2/vtr/vpr/vpr vpr_arch_run.xml diffeq1 --circuit_file diffeq1.pre-vpr.blif --power --tech_properties /home/digital-2/vtr/vtr_flow/tech/PTM_45nm/45nm.xml --max_router_iterations 150 --route --route_chan_width 96


Architecture file: vpr_arch_run.xml
Circuit name: diffeq1

# Loading Architecture Description
# Loading Architecture Description took 0.00 seconds (max_rss 16.8 MiB, delta_rss +1.9 MiB)

Timing analysis: ON
Circuit netlist file: diffeq1.net
Circuit placement file: diffeq1.place
Circuit routing file: diffeq1.route
Circuit SDC file: diffeq1.sdc
Vpr floorplanning constraints file: not specified

Packer: ENABLED
Placer: ENABLED
Analytical Placer: DISABLED
Router: ENABLED
Analysis: ENABLED

VPR was run with the following options:

NetlistOpts.absorb_buffer_luts            : true
NetlistOpts.sweep_dangling_primary_ios    : true
NetlistOpts.sweep_dangling_nets           : true
NetlistOpts.sweep_dangling_blocks         : true
NetlistOpts.sweep_constant_primary_outputs: false
NetlistOpts.netlist_verbosity             : 1
NetlistOpts.const_gen_inference           : COMB_SEQ

PackerOpts.allow_unrelated_clustering: auto
PackerOpts.alpha_clustering: 0.750000
PackerOpts.beta_clustering: 0.900000
PackerOpts.cluster_seed_type: BLEND2
PackerOpts.connection_driven: true
PackerOpts.global_clocks: true
PackerOpts.inter_cluster_net_delay: 1.000000
PackerOpts.timing_driven: true
PackerOpts.target_external_pin_util: auto

PlacerOpts.place_freq: PLACE_ONCE
PlacerOpts.place_algorithm: CRITICALITY_TIMING_PLACE
PlacerOpts.pad_loc_type: FREE
PlacerOpts.constraints_file: No constraints file given
PlacerOpts.place_chan_width: 96
PlacerOpts.inner_loop_recompute_divider: 0
PlacerOpts.recompute_crit_iter: 1
PlacerOpts.timing_tradeoff: 0.500000
PlacerOpts.td_place_exp_first: 1.000000
PlacerOpts.td_place_exp_last: 8.000000
PlacerOpts.delay_offset: 0.000000
PlacerOpts.delay_ramp_delta_threshold: -1
PlacerOpts.delay_ramp_slope: 0.000000
PlacerOpts.tsu_rel_margin: 1.000000
PlacerOpts.tsu_abs_margin: 0.000000
PlacerOpts.post_place_timing_report_file: 
PlacerOpts.allowed_tiles_for_delay_model: 
PlacerOpts.delay_model_reducer: MIN
PlacerOpts.delay_model_type: SIMPLE
PlacerOpts.rlim_escape_fraction: 0.000000
PlacerOpts.move_stats_file: 
PlacerOpts.placement_saves_per_temperature: 0
PlacerOpts.effort_scaling: CIRCUIT
PlacerOpts.place_delta_delay_matrix_calculation_method: ASTAR_ROUTE
PlaceOpts.seed: 1
AnnealSched.type: AUTO_SCHED
AnnealSched.inner_num: 0.500000

RouterOpts.route_type: DETAILED
RouterOpts.flat_routing: false
RouterOpts.choke_points: on
RouterOpts.router_algorithm: TIMING_DRIVEN
RouterOpts.base_cost_type: DELAY_NORMALIZED_LENGTH
RouterOpts.fixed_channel_width: 96
RouterOpts.check_route: FULL
RouterOpts.acc_fac: 1.000000
RouterOpts.bb_factor: 3
RouterOpts.bend_cost: 0.000000
RouterOpts.first_iter_pres_fac: 0.000000
RouterOpts.initial_pres_fac: 0.500000
RouterOpts.pres_fac_mult: 1.300000
RouterOpts.max_pres_fac: 1000.000000
RouterOpts.max_router_iterations: 150
RouterOpts.min_incremental_reroute_fanout: 16
RouterOpts.do_check_rr_graph: true
RouterOpts.verify_binary_search: false
RouterOpts.min_channel_width_hint: 0
RouterOpts.read_rr_edge_metadata: false
RouterOpts.exit_after_first_routing_iteration: false
RouterOpts.astar_fac: 1.200000
RouterOpts.astar_offset: 0.000000
RouterOpts.router_profiler_astar_fac: 1.200000
RouterOpts.criticality_exp: 1.000000
RouterOpts.max_criticality: 0.990000
RouterOpts.init_wirelength_abort_threshold: 0.850000
RouterOpts.incr_reroute_delay_ripup: AUTO
RouterOpts.save_routing_per_iteration: false
RouterOpts.congested_routing_iteration_threshold_frac: 1.000000
RouterOpts.high_fanout_threshold: 64
RouterOpts.router_debug_net: -2
RouterOpts.router_debug_sink_rr: -2
RouterOpts.router_debug_iteration: -2
RouterOpts.max_convergence_count: 1
RouterOpts.reconvergence_cpd_threshold: 0.990000
RouterOpts.update_lower_bound_delays: true
RouterOpts.first_iteration_timing_report_file: 
RouterOpts.route_bb_update: DYNAMIC
RouterOpts.lookahead_type: MAP
RouterOpts.initial_timing: LOOKAHEAD
RouterOpts.router_heap: FOUR_ARY_HEAP
RouterOpts.routing_failure_predictor = SAFE
RouterOpts.routing_budgets_algorithm = DISABLE

AnalysisOpts.gen_post_synthesis_netlist: false
AnalysisOpts.timing_report_npaths: 100
AnalysisOpts.timing_report_skew: false
AnalysisOpts.echo_dot_timing_graph_node: -1
AnalysisOpts.timing_report_detail: NETLIST
AnalysisOpts.post_synth_netlist_unconn_input_handling: UNCONNECTED
AnalysisOpts.post_synth_netlist_unconn_output_handling: UNCONNECTED

# Building complex block graph
Warning 1: io[0].clock[0] unconnected pin in architecture.
# Building complex block graph took 0.01 seconds (max_rss 23.1 MiB, delta_rss +6.3 MiB)
Circuit file: diffeq1.pre-vpr.blif
# Load circuit
Found constant-zero generator 'unconn'
Found constant-one generator 'vcc'
# Load circuit took 0.00 seconds (max_rss 25.0 MiB, delta_rss +1.8 MiB)
# Clean circuit
Absorbed 0 LUT buffers
Inferred    0 additional primitive pins as constant generators since they have no combinationally connected inputs
Inferred    0 additional primitive pins as constant generators due to constant inputs
Inferred    0 additional primitive pins as constant generators since they have no combinationally connected inputs
Inferred    0 additional primitive pins as constant generators due to constant inputs
Swept input(s)      : 0
Swept output(s)     : 0 (0 dangling, 0 constant)
Swept net(s)        : 200
Swept block(s)      : 0
Constant Pins Marked: 0
# Clean circuit took 0.00 seconds (max_rss 25.0 MiB, delta_rss +0.0 MiB)
# Compress circuit
# Compress circuit took 0.00 seconds (max_rss 25.0 MiB, delta_rss +0.0 MiB)
# Verify circuit
# Verify circuit took 0.00 seconds (max_rss 25.0 MiB, delta_rss +0.0 MiB)
Circuit Statistics:
  Blocks: 950
    .input  :     162
    .latch  :     193
    .names  :     494
        0-LUT:       1
        2-LUT:      45
        3-LUT:     182
        4-LUT:      40
        5-LUT:      57
        6-LUT:     169
    .output :      96
    multiply:       5
  Nets  : 1009
    Avg Fanout:     2.8
    Max Fanout:   193.0
    Min Fanout:     1.0
  Netlist Clocks: 1
# Load Activity File
Warning 2: Net $mul~14[32] found in activity file, but it does not exist in the .blif file.
Warning 3: Net $mul~14[33] found in activity file, but it does not exist in the .blif file.
Warning 4: Net $mul~14[34] found in activity file, but it does not exist in the .blif file.
Warning 5: Net $mul~14[35] found in activity file, but it does not exist in the .blif file.
Warning 6: Net $mul~14[36] found in activity file, but it does not exist in the .blif file.
Warning 7: Net $mul~14[37] found in activity file, but it does not exist in the .blif file.
Warning 8: Net $mul~14[38] found in activity file, but it does not exist in the .blif file.
Warning 9: Net $mul~14[39] found in activity file, but it does not exist in the .blif file.
Warning 10: Net $mul~14[40] found in activity file, but it does not exist in the .blif file.
Warning 11: Net $mul~14[41] found in activity file, but it does not exist in the .blif file.
Warning 12: Net $mul~14[42] found in activity file, but it does not exist in the .blif file.
Warning 13: Net $mul~14[43] found in activity file, but it does not exist in the .blif file.
Warning 14: Net $mul~14[44] found in activity file, but it does not exist in the .blif file.
Warning 15: Net $mul~14[45] found in activity file, but it does not exist in the .blif file.
Warning 16: Net $mul~14[46] found in activity file, but it does not exist in the .blif file.
Warning 17: Net $mul~14[47] found in activity file, but it does not exist in the .blif file.
Warning 18: Net $mul~14[48] found in activity file, but it does not exist in the .blif file.
Warning 19: Net $mul~14[49] found in activity file, but it does not exist in the .blif file.
Warning 20: Net $mul~14[50] found in activity file, but it does not exist in the .blif file.
Warning 21: Net $mul~14[51] found in activity file, but it does not exist in the .blif file.
Warning 22: Net $mul~14[52] found in activity file, but it does not exist in the .blif file.
Warning 23: Net $mul~14[53] found in activity file, but it does not exist in the .blif file.
Warning 24: Net $mul~14[54] found in activity file, but it does not exist in the .blif file.
Warning 25: Net $mul~14[55] found in activity file, but it does not exist in the .blif file.
Warning 26: Net $mul~14[56] found in activity file, but it does not exist in the .blif file.
Warning 27: Net $mul~14[57] found in activity file, but it does not exist in the .blif file.
Warning 28: Net $mul~14[58] found in activity file, but it does not exist in the .blif file.
Warning 29: Net $mul~14[59] found in activity file, but it does not exist in the .blif file.
Warning 30: Net $mul~14[60] found in activity file, but it does not exist in the .blif file.
Warning 31: Net $mul~14[61] found in activity file, but it does not exist in the .blif file.
Warning 32: Net $mul~14[62] found in activity file, but it does not exist in the .blif file.
Warning 33: Net $mul~14[63] found in activity file, but it does not exist in the .blif file.
Warning 34: Net $mul~14[64] found in activity file, but it does not exist in the .blif file.
Warning 35: Net $mul~14[65] found in activity file, but it does not exist in the .blif file.
Warning 36: Net $mul~14[66] found in activity file, but it does not exist in the .blif file.
Warning 37: Net $mul~14[67] found in activity file, but it does not exist in the .blif file.
Warning 38: Net $mul~14[68] found in activity file, but it does not exist in the .blif file.
Warning 39: Net $mul~14[69] found in activity file, but it does not exist in the .blif file.
Warning 40: Net $mul~14[70] found in activity file, but it does not exist in the .blif file.
Warning 41: Net $mul~14[71] found in activity file, but it does not exist in the .blif file.
Warning 42: Net $mul~18[32] found in activity file, but it does not exist in the .blif file.
Warning 43: Net $mul~18[33] found in activity file, but it does not exist in the .blif file.
Warning 44: Net $mul~18[34] found in activity file, but it does not exist in the .blif file.
Warning 45: Net $mul~18[35] found in activity file, but it does not exist in the .blif file.
Warning 46: Net $mul~18[36] found in activity file, but it does not exist in the .blif file.
Warning 47: Net $mul~18[37] found in activity file, but it does not exist in the .blif file.
Warning 48: Net $mul~18[38] found in activity file, but it does not exist in the .blif file.
Warning 49: Net $mul~18[39] found in activity file, but it does not exist in the .blif file.
Warning 50: Net $mul~18[40] found in activity file, but it does not exist in the .blif file.
Warning 51: Net $mul~18[41] found in activity file, but it does not exist in the .blif file.
Warning 52: Net $mul~18[42] found in activity file, but it does not exist in the .blif file.
Warning 53: Net $mul~18[43] found in activity file, but it does not exist in the .blif file.
Warning 54: Net $mul~18[44] found in activity file, but it does not exist in the .blif file.
Warning 55: Net $mul~18[45] found in activity file, but it does not exist in the .blif file.
Warning 56: Net $mul~18[46] found in activity file, but it does not exist in the .blif file.
Warning 57: Net $mul~18[47] found in activity file, but it does not exist in the .blif file.
Warning 58: Net $mul~18[48] found in activity file, but it does not exist in the .blif file.
Warning 59: Net $mul~18[49] found in activity file, but it does not exist in the .blif file.
Warning 60: Net $mul~18[50] found in activity file, but it does not exist in the .blif file.
Warning 61: Net $mul~18[51] found in activity file, but it does not exist in the .blif file.
Warning 62: Net $mul~18[52] found in activity file, but it does not exist in the .blif file.
Warning 63: Net $mul~18[53] found in activity file, but it does not exist in the .blif file.
Warning 64: Net $mul~18[54] found in activity file, but it does not exist in the .blif file.
Warning 65: Net $mul~18[55] found in activity file, but it does not exist in the .blif file.
Warning 66: Net $mul~18[56] found in activity file, but it does not exist in the .blif file.
Warning 67: Net $mul~18[57] found in activity file, but it does not exist in the .blif file.
Warning 68: Net $mul~18[58] found in activity file, but it does not exist in the .blif file.
Warning 69: Net $mul~18[59] found in activity file, but it does not exist in the .blif file.
Warning 70: Net $mul~18[60] found in activity file, but it does not exist in the .blif file.
Warning 71: Net $mul~18[61] found in activity file, but it does not exist in the .blif file.
Warning 72: Net $mul~18[62] found in activity file, but it does not exist in the .blif file.
Warning 73: Net $mul~18[63] found in activity file, but it does not exist in the .blif file.
Warning 74: Net $mul~18[64] found in activity file, but it does not exist in the .blif file.
Warning 75: Net $mul~18[65] found in activity file, but it does not exist in the .blif file.
Warning 76: Net $mul~18[66] found in activity file, but it does not exist in the .blif file.
Warning 77: Net $mul~18[67] found in activity file, but it does not exist in the .blif file.
Warning 78: Net $mul~18[68] found in activity file, but it does not exist in the .blif file.
Warning 79: Net $mul~18[69] found in activity file, but it does not exist in the .blif file.
Warning 80: Net $mul~18[70] found in activity file, but it does not exist in the .blif file.
Warning 81: Net $mul~18[71] found in activity file, but it does not exist in the .blif file.
Warning 82: Net $mul~15[32] found in activity file, but it does not exist in the .blif file.
Warning 83: Net $mul~15[33] found in activity file, but it does not exist in the .blif file.
Warning 84: Net $mul~15[34] found in activity file, but it does not exist in the .blif file.
Warning 85: Net $mul~15[35] found in activity file, but it does not exist in the .blif file.
Warning 86: Net $mul~15[36] found in activity file, but it does not exist in the .blif file.
Warning 87: Net $mul~15[37] found in activity file, but it does not exist in the .blif file.
Warning 88: Net $mul~15[38] found in activity file, but it does not exist in the .blif file.
Warning 89: Net $mul~15[39] found in activity file, but it does not exist in the .blif file.
Warning 90: Net $mul~15[40] found in activity file, but it does not exist in the .blif file.
Warning 91: Net $mul~15[41] found in activity file, but it does not exist in the .blif file.
Warning 92: Net $mul~15[42] found in activity file, but it does not exist in the .blif file.
Warning 93: Net $mul~15[43] found in activity file, but it does not exist in the .blif file.
Warning 94: Net $mul~15[44] found in activity file, but it does not exist in the .blif file.
Warning 95: Net $mul~15[45] found in activity file, but it does not exist in the .blif file.
Warning 96: Net $mul~15[46] found in activity file, but it does not exist in the .blif file.
Warning 97: Net $mul~15[47] found in activity file, but it does not exist in the .blif file.
Warning 98: Net $mul~15[48] found in activity file, but it does not exist in the .blif file.
Warning 99: Net $mul~15[49] found in activity file, but it does not exist in the .blif file.
Warning 100: Net $mul~15[50] found in activity file, but it does not exist in the .blif file.
Warning 101: Net $mul~15[51] found in activity file, but it does not exist in the .blif file.
Warning 102: Net $mul~15[52] found in activity file, but it does not exist in the .blif file.
Warning 103: Net $mul~15[53] found in activity file, but it does not exist in the .blif file.
Warning 104: Net $mul~15[54] found in activity file, but it does not exist in the .blif file.
Warning 105: Net $mul~15[55] found in activity file, but it does not exist in the .blif file.
Warning 106: Net $mul~15[56] found in activity file, but it does not exist in the .blif file.
Warning 107: Net $mul~15[57] found in activity file, but it does not exist in the .blif file.
Warning 108: Net $mul~15[58] found in activity file, but it does not exist in the .blif file.
Warning 109: Net $mul~15[59] found in activity file, but it does not exist in the .blif file.
Warning 110: Net $mul~15[60] found in activity file, but it does not exist in the .blif file.
Warning 111: Net $mul~15[61] found in activity file, but it does not exist in the .blif file.
Warning 112: Net $mul~15[62] found in activity file, but it does not exist in the .blif file.
Warning 113: Net $mul~15[63] found in activity file, but it does not exist in the .blif file.
Warning 114: Net $mul~15[64] found in activity file, but it does not exist in the .blif file.
Warning 115: Net $mul~15[65] found in activity file, but it does not exist in the .blif file.
Warning 116: Net $mul~15[66] found in activity file, but it does not exist in the .blif file.
Warning 117: Net $mul~15[67] found in activity file, but it does not exist in the .blif file.
Warning 118: Net $mul~15[68] found in activity file, but it does not exist in the .blif file.
Warning 119: Net $mul~15[69] found in activity file, but it does not exist in the .blif file.
Warning 120: Net $mul~15[70] found in activity file, but it does not exist in the .blif file.
Warning 121: Net $mul~15[71] found in activity file, but it does not exist in the .blif file.
Warning 122: Net $mul~16[32] found in activity file, but it does not exist in the .blif file.
Warning 123: Net $mul~16[33] found in activity file, but it does not exist in the .blif file.
Warning 124: Net $mul~16[34] found in activity file, but it does not exist in the .blif file.
Warning 125: Net $mul~16[35] found in activity file, but it does not exist in the .blif file.
Warning 126: Net $mul~16[36] found in activity file, but it does not exist in the .blif file.
Warning 127: Net $mul~16[37] found in activity file, but it does not exist in the .blif file.
Warning 128: Net $mul~16[38] found in activity file, but it does not exist in the .blif file.
Warning 129: Net $mul~16[39] found in activity file, but it does not exist in the .blif file.
Warning 130: Net $mul~16[40] found in activity file, but it does not exist in the .blif file.
Warning 131: Net $mul~16[41] found in activity file, but it does not exist in the .blif file.
Warning 132: Net $mul~16[42] found in activity file, but it does not exist in the .blif file.
Warning 133: Net $mul~16[43] found in activity file, but it does not exist in the .blif file.
Warning 134: Net $mul~16[44] found in activity file, but it does not exist in the .blif file.
Warning 135: Net $mul~16[45] found in activity file, but it does not exist in the .blif file.
Warning 136: Net $mul~16[46] found in activity file, but it does not exist in the .blif file.
Warning 137: Net $mul~16[47] found in activity file, but it does not exist in the .blif file.
Warning 138: Net $mul~16[48] found in activity file, but it does not exist in the .blif file.
Warning 139: Net $mul~16[49] found in activity file, but it does not exist in the .blif file.
Warning 140: Net $mul~16[50] found in activity file, but it does not exist in the .blif file.
Warning 141: Net $mul~16[51] found in activity file, but it does not exist in the .blif file.
Warning 142: Net $mul~16[52] found in activity file, but it does not exist in the .blif file.
Warning 143: Net $mul~16[53] found in activity file, but it does not exist in the .blif file.
Warning 144: Net $mul~16[54] found in activity file, but it does not exist in the .blif file.
Warning 145: Net $mul~16[55] found in activity file, but it does not exist in the .blif file.
Warning 146: Net $mul~16[56] found in activity file, but it does not exist in the .blif file.
Warning 147: Net $mul~16[57] found in activity file, but it does not exist in the .blif file.
Warning 148: Net $mul~16[58] found in activity file, but it does not exist in the .blif file.
Warning 149: Net $mul~16[59] found in activity file, but it does not exist in the .blif file.
Warning 150: Net $mul~16[60] found in activity file, but it does not exist in the .blif file.
Warning 151: Net $mul~16[61] found in activity file, but it does not exist in the .blif file.
Warning 152: Net $mul~16[62] found in activity file, but it does not exist in the .blif file.
Warning 153: Net $mul~16[63] found in activity file, but it does not exist in the .blif file.
Warning 154: Net $mul~16[64] found in activity file, but it does not exist in the .blif file.
Warning 155: Net $mul~16[65] found in activity file, but it does not exist in the .blif file.
Warning 156: Net $mul~16[66] found in activity file, but it does not exist in the .blif file.
Warning 157: Net $mul~16[67] found in activity file, but it does not exist in the .blif file.
Warning 158: Net $mul~16[68] found in activity file, but it does not exist in the .blif file.
Warning 159: Net $mul~16[69] found in activity file, but it does not exist in the .blif file.
Warning 160: Net $mul~16[70] found in activity file, but it does not exist in the .blif file.
Warning 161: Net $mul~16[71] found in activity file, but it does not exist in the .blif file.
Warning 162: Net $mul~17[32] found in activity file, but it does not exist in the .blif file.
Warning 163: Net $mul~17[33] found in activity file, but it does not exist in the .blif file.
Warning 164: Net $mul~17[34] found in activity file, but it does not exist in the .blif file.
Warning 165: Net $mul~17[35] found in activity file, but it does not exist in the .blif file.
Warning 166: Net $mul~17[36] found in activity file, but it does not exist in the .blif file.
Warning 167: Net $mul~17[37] found in activity file, but it does not exist in the .blif file.
Warning 168: Net $mul~17[38] found in activity file, but it does not exist in the .blif file.
Warning 169: Net $mul~17[39] found in activity file, but it does not exist in the .blif file.
Warning 170: Net $mul~17[40] found in activity file, but it does not exist in the .blif file.
Warning 171: Net $mul~17[41] found in activity file, but it does not exist in the .blif file.
Warning 172: Net $mul~17[42] found in activity file, but it does not exist in the .blif file.
Warning 173: Net $mul~17[43] found in activity file, but it does not exist in the .blif file.
Warning 174: Net $mul~17[44] found in activity file, but it does not exist in the .blif file.
Warning 175: Net $mul~17[45] found in activity file, but it does not exist in the .blif file.
Warning 176: Net $mul~17[46] found in activity file, but it does not exist in the .blif file.
Warning 177: Net $mul~17[47] found in activity file, but it does not exist in the .blif file.
Warning 178: Net $mul~17[48] found in activity file, but it does not exist in the .blif file.
Warning 179: Net $mul~17[49] found in activity file, but it does not exist in the .blif file.
Warning 180: Net $mul~17[50] found in activity file, but it does not exist in the .blif file.
Warning 181: Net $mul~17[51] found in activity file, but it does not exist in the .blif file.
Warning 182: Net $mul~17[52] found in activity file, but it does not exist in the .blif file.
Warning 183: Net $mul~17[53] found in activity file, but it does not exist in the .blif file.
Warning 184: Net $mul~17[54] found in activity file, but it does not exist in the .blif file.
Warning 185: Net $mul~17[55] found in activity file, but it does not exist in the .blif file.
Warning 186: Net $mul~17[56] found in activity file, but it does not exist in the .blif file.
Warning 187: Net $mul~17[57] found in activity file, but it does not exist in the .blif file.
Warning 188: Net $mul~17[58] found in activity file, but it does not exist in the .blif file.
Warning 189: Net $mul~17[59] found in activity file, but it does not exist in the .blif file.
Warning 190: Net $mul~17[60] found in activity file, but it does not exist in the .blif file.
Warning 191: Net $mul~17[61] found in activity file, but it does not exist in the .blif file.
Warning 192: Net $mul~17[62] found in activity file, but it does not exist in the .blif file.
Warning 193: Net $mul~17[63] found in activity file, but it does not exist in the .blif file.
Warning 194: Net $mul~17[64] found in activity file, but it does not exist in the .blif file.
Warning 195: Net $mul~17[65] found in activity file, but it does not exist in the .blif file.
Warning 196: Net $mul~17[66] found in activity file, but it does not exist in the .blif file.
Warning 197: Net $mul~17[67] found in activity file, but it does not exist in the .blif file.
Warning 198: Net $mul~17[68] found in activity file, but it does not exist in the .blif file.
Warning 199: Net $mul~17[69] found in activity file, but it does not exist in the .blif file.
Warning 200: Net $mul~17[70] found in activity file, but it does not exist in the .blif file.
Warning 201: Net $mul~17[71] found in activity file, but it does not exist in the .blif file.
# Load Activity File took 0.00 seconds (max_rss 25.0 MiB, delta_rss +0.0 MiB)
# Build Timing Graph
  Timing Graph Nodes: 3846
  Timing Graph Edges: 13638
  Timing Graph Levels: 40
# Build Timing Graph took 0.00 seconds (max_rss 26.6 MiB, delta_rss +1.7 MiB)
Netlist contains 1 clocks
  Netlist Clock 'clk' Fanout: 193 pins (5.0%), 193 blocks (20.3%)
# Load Timing Constraints

SDC file 'diffeq1.sdc' not found
Setting default timing constraints:
   * constrain all primay inputs and primary outputs on netlist clock 'clk'
   * optimize netlist clock to run as fast as possible
Timing constraints created 1 clocks
  Constrained Clock 'clk' Source: 'clk.inpad[0]'

# Load Timing Constraints took 0.00 seconds (max_rss 26.6 MiB, delta_rss +0.0 MiB)
# Load packing
Begin loading packed FPGA netlist file.
Netlist generated from file 'diffeq1.net'.
Detected 1 constant generators (to see names run with higher pack verbosity)
Finished loading packed FPGA netlist file (took 0.033263 seconds).
Warning 202: Treated 1 constant nets as global which will not be routed (to see net names increase packer verbosity).
Warning 203: Netlist contains 5 global net to non-global architecture pin connections
Warning 204: Logic block #77 (vcc) has only 1 output pin 'vcc.O[9]'. It may be a constant generator.
Completed clustering consistency check successfully.
Cluster level netlist and block usage statistics
Netlist num_nets: 749
Netlist num_blocks: 336
Netlist EMPTY blocks: 0.
Netlist io blocks: 258.
Netlist clb blocks: 73.
Netlist mult_36 blocks: 5.
Netlist memory blocks: 0.
Netlist inputs pins: 162
Netlist output pins: 96

Pb types usage...
  io                   : 258
   inpad               : 162
   outpad              : 96
  clb                  : 73
   ble                 : 495
    soft_logic         : 494
     lut6              : 494
      lut              : 494
    ff                 : 193
  mult_36              : 5
   mult_36x36_slice    : 5
    mult_36x36         : 5

# Load packing took 0.05 seconds (max_rss 68.0 MiB, delta_rss +41.4 MiB)
# Create Device
## Build Device Grid
FPGA sized to 19 x 19: 361 grid tiles (my_layout)

Resource usage...
	Netlist
		258	blocks of type: io
	Architecture
		544	blocks of type: io
	Netlist
		73	blocks of type: clb
	Architecture
		259	blocks of type: clb
	Netlist
		5	blocks of type: mult_36
	Architecture
		6	blocks of type: mult_36
	Netlist
		0	blocks of type: memory
	Architecture
		1	blocks of type: memory

Device Utilization: 0.35 (target 1.00)
	Physical Tile io:
	Block Utilization: 0.47 Logical Block: io
	Physical Tile clb:
	Block Utilization: 0.28 Logical Block: clb
	Physical Tile mult_36:
	Block Utilization: 0.83 Logical Block: mult_36
	Physical Tile memory:
	Block Utilization: 0.00 Logical Block: memory

## Build Device Grid took 0.00 seconds (max_rss 68.0 MiB, delta_rss +0.0 MiB)
## Build routing resource graph
## Build routing resource graph took 0.11 seconds (max_rss 68.0 MiB, delta_rss +0.0 MiB)
  RR Graph Nodes: 49012
  RR Graph Edges: 327622
# Create Device took 0.12 seconds (max_rss 68.0 MiB, delta_rss +0.0 MiB)

# Load Placement
Reading diffeq1.place.

Successfully read diffeq1.place.

Completed placement consistency check successfully.
# Load Placement took 0.00 seconds (max_rss 68.0 MiB, delta_rss +0.0 MiB)

# Computing router lookahead map
## Computing wire lookahead
## Computing wire lookahead took 0.04 seconds (max_rss 68.0 MiB, delta_rss +0.0 MiB)
## Computing src/opin lookahead
Warning 205: Found no more sample locations for SOURCE in io
Warning 206: Found no more sample locations for OPIN in io
Warning 207: Found no more sample locations for SOURCE in clb
Warning 208: Found no more sample locations for OPIN in clb
Warning 209: Found no more sample locations for SOURCE in mult_36
Warning 210: Found no more sample locations for OPIN in mult_36
Warning 211: Found no more sample locations for SOURCE in memory
Warning 212: Found no more sample locations for OPIN in memory
## Computing src/opin lookahead took 0.00 seconds (max_rss 68.0 MiB, delta_rss +0.0 MiB)
# Computing router lookahead map took 0.04 seconds (max_rss 68.0 MiB, delta_rss +0.0 MiB)
# Routing
RR graph channel widths unchanged, skipping RR graph rebuild
## Initializing router criticalities
Initial Net Connection Criticality Histogram:
[        0:      0.1) 597 ( 32.2%) |***********************************************
[      0.1:      0.2)  89 (  4.8%) |*******
[      0.2:      0.3) 396 ( 21.3%) |*******************************
[      0.3:      0.4)  65 (  3.5%) |*****
[      0.4:      0.5)  73 (  3.9%) |******
[      0.5:      0.6)  36 (  1.9%) |***
[      0.6:      0.7) 130 (  7.0%) |**********
[      0.7:      0.8) 128 (  6.9%) |**********
[      0.8:      0.9)  62 (  3.3%) |*****
[      0.9:        1) 280 ( 15.1%) |**********************
## Initializing router criticalities took 0.01 seconds (max_rss 68.0 MiB, delta_rss +0.0 MiB)
---- ------ ------- ---- ------- ------- ------- ----------------- --------------- -------- ---------- ---------- ---------- ---------- --------
Iter   Time    pres  BBs    Heap  Re-Rtd  Re-Rtd Overused RR Nodes      Wirelength      CPD       sTNS       sWNS       hTNS       hWNS Est Succ
      (sec)     fac Updt    push    Nets   Conns                                       (ns)       (ns)       (ns)       (ns)       (ns)     Iter
---- ------ ------- ---- ------- ------- ------- ----------------- --------------- -------- ---------- ---------- ---------- ---------- --------
   1    0.0     0.0    0  584670     747    1784     930 ( 1.897%)   17511 (29.8%)   27.490     -2237.    -27.490      0.000      0.000      N/A
   2    0.0     0.5    0  569600     607    1593     526 ( 1.073%)   17723 (30.2%)   27.487     -2242.    -27.487      0.000      0.000      N/A
   3    0.0     0.6    0  536812     459    1328     442 ( 0.902%)   18357 (31.2%)   27.490     -2248.    -27.490      0.000      0.000      N/A
   4    0.0     0.8    0  537383     407    1181     372 ( 0.759%)   18694 (31.8%)   27.496     -2248.    -27.496      0.000      0.000      N/A
   5    0.0     1.1    0  477341     343    1036     258 ( 0.526%)   19028 (32.4%)   27.501     -2299.    -27.501      0.000      0.000      N/A
   6    0.0     1.4    0  384044     239     775     153 ( 0.312%)   19331 (32.9%)   27.489     -2267.    -27.489      0.000      0.000      N/A
   7    0.0     1.9    0  277122     173     525     102 ( 0.208%)   19544 (33.3%)   27.496     -2266.    -27.496      0.000      0.000      N/A
   8    0.0     2.4    0  189697     118     392      64 ( 0.131%)   19730 (33.6%)   27.506     -2267.    -27.506      0.000      0.000      N/A
   9    0.0     3.1    0  149742      80     274      34 ( 0.069%)   19923 (33.9%)   27.519     -2271.    -27.519      0.000      0.000      N/A
  10    0.0     4.1    0   71757      41     125      15 ( 0.031%)   20026 (34.1%)   27.519     -2270.    -27.519      0.000      0.000       16
  11    0.0     5.3    0   38515      26      78      11 ( 0.022%)   20036 (34.1%)   27.519     -2271.    -27.519      0.000      0.000       15
  12    0.0     6.9    0   25285      16      47       6 ( 0.012%)   20048 (34.1%)   27.519     -2271.    -27.519      0.000      0.000       15
  13    0.0     9.0    0   16006      13      29       5 ( 0.010%)   20085 (34.2%)   27.519     -2272.    -27.519      0.000      0.000       15
  14    0.0    11.6    0   14576       9      20       4 ( 0.008%)   20095 (34.2%)   27.538     -2272.    -27.538      0.000      0.000       16
  15    0.0    15.1    0    7588       6      14       1 ( 0.002%)   20102 (34.2%)   27.548     -2273.    -27.548      0.000      0.000       16
  16    0.0    19.7    0    1112       2       2       1 ( 0.002%)   20102 (34.2%)   27.548     -2273.    -27.548      0.000      0.000       16
  17    0.0    25.6    0     911       1       1       0 ( 0.000%)   20104 (34.2%)   27.599     -2274.    -27.599      0.000      0.000       16
Restoring best routing
Critical path: 27.5991 ns
Successfully routed after 17 routing iterations.
Final Net Connection Criticality Histogram:
[        0:      0.1) 559 ( 30.1%) |***********************************************
[      0.1:      0.2)  83 (  4.5%) |*******
[      0.2:      0.3) 303 ( 16.3%) |*************************
[      0.3:      0.4) 194 ( 10.5%) |****************
[      0.4:      0.5)  69 (  3.7%) |******
[      0.5:      0.6)  58 (  3.1%) |*****
[      0.6:      0.7) 143 (  7.7%) |************
[      0.7:      0.8) 102 (  5.5%) |*********
[      0.8:      0.9)  77 (  4.1%) |******
[      0.9:        1) 268 ( 14.4%) |***********************
Router Stats: total_nets_routed: 3287 total_connections_routed: 9204 total_heap_pushes: 3882161 total_heap_pops: 1034499 
Serial Connection Router is being destroyed. Time spent on path search: 0.241 seconds.
# Routing took 0.30 seconds (max_rss 68.0 MiB, delta_rss +0.0 MiB)

Checking to ensure routing is legal...
# Checking to ensure non-configurable edges are legal
# Checking to ensure non-configurable edges are legal took 0.00 seconds (max_rss 68.0 MiB, delta_rss +0.0 MiB)
Completed routing consistency check successfully.

Serial number (magic cookie) for the routing is: -1708758379
Circuit successfully routed with a channel width factor of 96.
# Synchronize the packed netlist to routing optimization
## Annotating rr_node with routed nets
## Annotating rr_node with routed nets took 0.00 seconds (max_rss 68.0 MiB, delta_rss +0.0 MiB)
Found 0 mismatches between routing and packing results.
Fixed 0 routing traces due to mismatch between routing and packing results.
# Synchronize the packed netlist to routing optimization took 0.00 seconds (max_rss 68.0 MiB, delta_rss +0.0 MiB)
Final Clustering Statistics: 
----------   --------   ------------------------------------   --------------------------
Block Type   # Blocks   Avg. # of input clocks and pins used   Avg. # of output pins used
----------   --------   ------------------------------------   --------------------------
     EMPTY          0                                      0                            0   
        io        258                               0.372093                     0.627907   
       clb         73                                20.5479                      5.84932   
   mult_36          5                                     52                           32   
    memory          0                                      0                            0   
Absorbed logical nets 260 out of 1009 nets, 749 nets not absorbed.


Average number of bends per net: 4.63722  Maximum # of bends: 107

Number of global nets: 2
Number of routed nets (nonglobal): 747
Wire length results (in units of 1 clb segments)...
	Total wirelength: 20104, average net length: 26.9130
	Maximum net length: 647

Wire length results in terms of physical segments...
	Total wiring segments used: 5402, average wire segments per net: 7.23159
	Maximum segments used by a net: 169
	Total local nets with reserved CLB opins: 0
Total number of nets absorbed: 0

Routing channel utilization histogram:
[        1:      inf)   0 (  0.0%) |
[      0.9:        1)   0 (  0.0%) |
[      0.8:      0.9)  14 (  2.2%) |***
[      0.7:      0.8) 158 ( 24.4%) |*************************************
[      0.5:      0.6)  48 (  7.4%) |***********
[      0.4:      0.5)  50 (  7.7%) |************
[      0.3:      0.4)  50 (  7.7%) |************
[      0.2:      0.3)  60 (  9.3%) |**************
[      0.1:      0.2)  66 ( 10.2%) |***************
[        0:      0.1) 202 ( 31.2%) |***********************************************
Maximum routing channel utilization:      0.83 at (8,4)

X - Directed channels:   j max occ ave occ capacity
                      ---- ------- ------- --------
                         0      77  52.421       96
                         1      71  44.737       96
                         2      76  42.947       96
                         3      77  45.000       96
                         4      80  45.053       96
                         5      77  41.000       96
                         6      73  35.526       96
                         7      75  36.474       96
                         8      70  37.000       96
                         9      63  34.105       96
                        10      65  33.105       96
                        11      67  30.737       96
                        12      52  22.105       96
                        13      26  12.474       96
                        14      27  10.526       96
                        15      14   5.474       96
                        16       0   0.000       96
                        17      38  19.579       96
Y - Directed channels:   i max occ ave occ capacity
                      ---- ------- ------- --------
                         0      61  31.368       96
                         1      58  30.526       96
                         2      59  32.737       96
                         3      70  41.579       96
                         4      71  42.632       96
                         5      71  45.263       96
                         6      71  44.263       96
                         7      75  46.158       96
                         8      81  49.526       96
                         9      64  41.684       96
                        10      66  34.526       96
                        11      53  25.737       96
                        12      49  19.211       96
                        13      31  11.526       96
                        14      21   5.895       96
                        15      15   3.053       96
                        16       8   0.947       96
                        17       9   3.211       96

Total tracks in x-direction: 1728, in y-direction: 1728

Logic area (in minimum width transistor areas, excludes I/Os and empty grid tiles)...
	Total logic block area (Warning, need to add pitch of routing to blocks with height > 3): 1.68825e+07
	Total used logic block area: 5.91426e+06

Routing area (in minimum width transistor areas)...
	Total routing area: 2.04479e+06, per logic tile: 5664.24

Total Number of Wiring Segments by Direction: direction length number
                                              --------- ------ -------
                                                      X      4   8640
                                                      Y      4   8640

X - Directed Wiring Segment usage by length: length utilization
                                             ------ -----------
                                             4       0.318

Y - Directed Wiring Segment usage by length: length utilization
                                             ------ -----------
                                             4       0.307

Segment occupancy by length: Length utilization
                             ------ -----------
                             L4           0.313

Segment occupancy by type:              name type utilization
                           ----------------- ---- -----------
                           unnamed_segment_0    0       0.313

Final hold Worst Negative Slack (hWNS): 0 ns
Final hold Total Negative Slack (hTNS): 0 ns

Final hold slack histogram:
[  3.2e-10:  4.8e-10) 109 ( 37.7%) |***********************************************
[  4.8e-10:  6.3e-10)  51 ( 17.6%) |**********************
[  6.3e-10:  7.9e-10)  66 ( 22.8%) |****************************
[  7.9e-10:  9.5e-10)  37 ( 12.8%) |****************
[  9.5e-10:  1.1e-09)  23 (  8.0%) |**********
[  1.1e-09:  1.3e-09)   1 (  0.3%) |
[  1.3e-09:  1.4e-09)   1 (  0.3%) |
[  1.4e-09:  1.6e-09)   0 (  0.0%) |
[  1.6e-09:  1.7e-09)   0 (  0.0%) |
[  1.7e-09:  1.9e-09)   1 (  0.3%) |

Final critical path delay (least slack): 27.5991 ns, Fmax: 36.233 MHz
Final setup Worst Negative Slack (sWNS): -27.5991 ns
Final setup Total Negative Slack (sTNS): -2274.18 ns

Final setup slack histogram:
[ -2.8e-08: -2.5e-08)  8 (  2.8%) |****
[ -2.5e-08: -2.2e-08)  8 (  2.8%) |****
[ -2.2e-08: -1.9e-08)  5 (  1.7%) |***
[ -1.9e-08: -1.7e-08) 12 (  4.2%) |******
[ -1.7e-08: -1.4e-08) 13 (  4.5%) |*******
[ -1.4e-08: -1.1e-08) 13 (  4.5%) |*******
[ -1.1e-08: -8.6e-09) 40 ( 13.8%) |********************
[ -8.6e-09: -5.9e-09) 94 ( 32.5%) |***********************************************
[ -5.9e-09: -3.2e-09)  0 (  0.0%) |
[ -3.2e-09: -4.4e-10) 96 ( 33.2%) |************************************************

Final geomean non-virtual intra-domain period: 27.5991 ns (36.233 MHz)
Final fanout-weighted geomean non-virtual intra-domain period: 27.5991 ns (36.233 MHz)



Power Estimation:
-----------------
Initializing power module
Running power estimation
Power estimation took 0.05192 seconds
Uninitializing power module

Incr Slack updates 1 in 1.6192e-05 sec
Full Max Req/Worst Slack updates 1 in 4.723e-06 sec
Incr Max Req/Worst Slack updates 0 in 0 sec
Incr Criticality updates 0 in 0 sec
Full Criticality updates 1 in 3.0511e-05 sec
Flow timing analysis took 0.0330692 seconds (0.0314179 STA, 0.00165128 slack) (19 full updates: 0 setup, 0 hold, 19 combined).
VPR succeeded
The entire flow of VPR took 0.63 seconds (max_rss 68.0 MiB)
Incr Slack updates 18 in 0.000332359 sec
Full Max Req/Worst Slack updates 3 in 1.3436e-05 sec
Incr Max Req/Worst Slack updates 15 in 6.6446e-05 sec
Incr Criticality updates 5 in 0.000131588 sec
Full Criticality updates 13 in 0.000380671 sec
	Command being timed: "/home/digital-2/vtr/vpr/vpr vpr_arch_run.xml diffeq1 --circuit_file diffeq1.pre-vpr.blif --power --tech_properties /home/digital-2/vtr/vtr_flow/tech/PTM_45nm/45nm.xml --max_router_iterations 150 --route --route_chan_width 96"
	User time (seconds): 0.61
	System time (seconds): 0.02
	Percent of CPU this job got: 99%
	Elapsed (wall clock) time (h:mm:ss or m:ss): 0:00.64
	Average shared text size (kbytes): 0
	Average unshared data size (kbytes): 0
	Average stack size (kbytes): 0
	Average total size (kbytes): 0
	Maximum resident set size (kbytes): 69628
	Average resident set size (kbytes): 0
	Major (requiring I/O) page faults: 0
	Minor (reclaiming a frame) page faults: 12778
	Voluntary context switches: 3
	Involuntary context switches: 10
	Swaps: 0
	File system inputs: 0
	File system outputs: 5320
	Socket messages sent: 0
	Socket messages received: 0
	Signals delivered: 0
	Page size (bytes): 4096
	Exit status: 0
